<?xml version="1.0" encoding="UTF-8"?>
<coverage generated="1779349913268" clover="3.2.0">
  <project timestamp="1779349913268" name="All files">
    <metrics statements="342" coveredstatements="317" conditionals="269" coveredconditionals="234" methods="147" coveredmethods="127" elements="758" coveredelements="678" complexity="0" loc="342" ncloc="342" packages="9" files="30" classes="30"/>
    <package name="api">
      <metrics statements="50" coveredstatements="50" conditionals="31" coveredconditionals="27" methods="23" coveredmethods="23"/>
      <file name="announcementsApi.js" path="/Users/angelinabobrynok/Documents/uni/web/adboard-project-all 2/lab5/src/api/announcementsApi.js">
        <metrics statements="13" coveredstatements="13" conditionals="8" coveredconditionals="7" methods="7" coveredmethods="7"/>
        <line num="3" count="2" type="cond" truecount="0" falsecount="1"/>
        <line num="4" count="4" type="stmt"/>
        <line num="5" count="4" type="stmt"/>
        <line num="6" count="5" type="cond" truecount="4" falsecount="0"/>
        <line num="7" count="4" type="stmt"/>
        <line num="10" count="4" type="stmt"/>
        <line num="11" count="4" type="cond" truecount="2" falsecount="0"/>
        <line num="14" count="2" type="stmt"/>
        <line num="15" count="4" type="cond" truecount="1" falsecount="0"/>
        <line num="17" count="1" type="stmt"/>
        <line num="19" count="1" type="stmt"/>
        <line num="24" count="1" type="stmt"/>
        <line num="26" count="1" type="stmt"/>
      </file>
      <file name="client.js" path="/Users/angelinabobrynok/Documents/uni/web/adboard-project-all 2/lab5/src/api/client.js">
        <metrics statements="17" coveredstatements="17" conditionals="9" coveredconditionals="8" methods="7" coveredmethods="7"/>
        <line num="1" count="11" type="stmt"/>
        <line num="3" count="11" type="cond" truecount="1" falsecount="0"/>
        <line num="4" count="7" type="stmt"/>
        <line num="9" count="7" type="cond" truecount="2" falsecount="0"/>
        <line num="10" count="2" type="stmt"/>
        <line num="13" count="7" type="stmt"/>
        <line num="15" count="7" type="cond" truecount="2" falsecount="0"/>
        <line num="16" count="1" type="stmt"/>
        <line num="17" count="1" type="cond" truecount="1" falsecount="1"/>
        <line num="20" count="6" type="cond" truecount="2" falsecount="0"/>
        <line num="21" count="2" type="stmt"/>
        <line num="23" count="4" type="stmt"/>
        <line num="27" count="11" type="stmt"/>
        <line num="28" count="3" type="stmt"/>
        <line num="29" count="1" type="stmt"/>
        <line num="30" count="1" type="stmt"/>
        <line num="31" count="2" type="stmt"/>
      </file>
      <file name="usersApi.js" path="/Users/angelinabobrynok/Documents/uni/web/adboard-project-all 2/lab5/src/api/usersApi.js">
        <metrics statements="20" coveredstatements="20" conditionals="14" coveredconditionals="12" methods="9" coveredmethods="9"/>
        <line num="3" count="8" type="cond" truecount="0" falsecount="1"/>
        <line num="4" count="2" type="stmt"/>
        <line num="5" count="2" type="stmt"/>
        <line num="6" count="1" type="cond" truecount="3" falsecount="1"/>
        <line num="7" count="1" type="stmt"/>
        <line num="10" count="2" type="stmt"/>
        <line num="11" count="2" type="cond" truecount="2" falsecount="0"/>
        <line num="14" count="8" type="stmt"/>
        <line num="15" count="2" type="cond" truecount="1" falsecount="0"/>
        <line num="17" count="1" type="stmt"/>
        <line num="19" count="1" type="stmt"/>
        <line num="24" count="1" type="stmt"/>
        <line num="26" count="1" type="stmt"/>
        <line num="28" count="3" type="stmt"/>
        <line num="31" count="3" type="cond" truecount="4" falsecount="0"/>
        <line num="32" count="1" type="stmt"/>
        <line num="34" count="2" type="stmt"/>
        <line num="35" count="2" type="cond" truecount="2" falsecount="0"/>
        <line num="36" count="1" type="stmt"/>
        <line num="38" count="1" type="stmt"/>
      </file>
    </package>
    <package name="components.announcements">
      <metrics statements="37" coveredstatements="35" conditionals="47" coveredconditionals="46" methods="15" coveredmethods="13"/>
      <file name="AnnouncementCard.jsx" path="/Users/angelinabobrynok/Documents/uni/web/adboard-project-all 2/lab5/src/components/announcements/AnnouncementCard.jsx">
        <metrics statements="11" coveredstatements="10" conditionals="12" coveredconditionals="11" methods="3" coveredmethods="2"/>
        <line num="5" count="2" type="stmt"/>
        <line num="15" count="22" type="stmt"/>
        <line num="16" count="22" type="stmt"/>
        <line num="18" count="22" type="cond" truecount="2" falsecount="0"/>
        <line num="19" count="22" type="cond" truecount="2" falsecount="0"/>
        <line num="20" count="22" type="stmt"/>
        <line num="21" count="22" type="cond" truecount="2" falsecount="0"/>
        <line num="22" count="22" type="cond" truecount="1" falsecount="1"/>
        <line num="24" count="22" type="stmt"/>
        <line num="41" count="0" type="stmt"/>
        <line num="49" count="1" type="stmt"/>
      </file>
      <file name="AnnouncementForm.jsx" path="/Users/angelinabobrynok/Documents/uni/web/adboard-project-all 2/lab5/src/components/announcements/AnnouncementForm.jsx">
        <metrics statements="26" coveredstatements="25" conditionals="35" coveredconditionals="35" methods="12" coveredmethods="11"/>
        <line num="6" count="1" type="stmt"/>
        <line num="15" count="1" type="stmt"/>
        <line num="20" count="10" type="stmt"/>
        <line num="28" count="10" type="stmt"/>
        <line num="36" count="18" type="stmt"/>
        <line num="37" count="18" type="stmt"/>
        <line num="38" count="18" type="stmt"/>
        <line num="39" count="18" type="stmt"/>
        <line num="41" count="90" type="stmt"/>
        <line num="43" count="18" type="stmt"/>
        <line num="44" count="3" type="stmt"/>
        <line num="48" count="3" type="stmt"/>
        <line num="52" count="3" type="stmt"/>
        <line num="53" count="3" type="stmt"/>
        <line num="55" count="3" type="stmt"/>
        <line num="61" count="3" type="stmt"/>
        <line num="62" count="3" type="stmt"/>
        <line num="65" count="18" type="stmt"/>
        <line num="66" count="3" type="stmt"/>
        <line num="67" count="3" type="cond" truecount="2" falsecount="0"/>
        <line num="68" count="1" type="stmt"/>
        <line num="77" count="18" type="cond" truecount="2" falsecount="0"/>
        <line num="79" count="18" type="stmt"/>
        <line num="118" count="36" type="stmt"/>
        <line num="132" count="108" type="stmt"/>
        <line num="152" count="0" type="stmt"/>
      </file>
    </package>
    <package name="components.auth">
      <metrics statements="26" coveredstatements="26" conditionals="18" coveredconditionals="17" methods="7" coveredmethods="7"/>
      <file name="LoginForm.jsx" path="/Users/angelinabobrynok/Documents/uni/web/adboard-project-all 2/lab5/src/components/auth/LoginForm.jsx">
        <metrics statements="26" coveredstatements="26" conditionals="18" coveredconditionals="17" methods="7" coveredmethods="7"/>
        <line num="8" count="2" type="stmt"/>
        <line num="11" count="27" type="stmt"/>
        <line num="12" count="27" type="stmt"/>
        <line num="13" count="27" type="stmt"/>
        <line num="14" count="27" type="stmt"/>
        <line num="16" count="27" type="stmt"/>
        <line num="17" count="27" type="stmt"/>
        <line num="18" count="27" type="stmt"/>
        <line num="19" count="27" type="stmt"/>
        <line num="20" count="27" type="cond" truecount="2" falsecount="0"/>
        <line num="22" count="27" type="stmt"/>
        <line num="23" count="6" type="stmt"/>
        <line num="24" count="6" type="stmt"/>
        <line num="25" count="6" type="cond" truecount="4" falsecount="0"/>
        <line num="26" count="6" type="cond" truecount="2" falsecount="0"/>
        <line num="29" count="27" type="stmt"/>
        <line num="30" count="6" type="stmt"/>
        <line num="31" count="6" type="cond" truecount="2" falsecount="0"/>
        <line num="33" count="3" type="stmt"/>
        <line num="34" count="3" type="stmt"/>
        <line num="35" count="1" type="stmt"/>
        <line num="37" count="1" type="cond" truecount="1" falsecount="1"/>
        <line num="38" count="1" type="stmt"/>
        <line num="42" count="27" type="stmt"/>
        <line num="60" count="4" type="stmt"/>
        <line num="72" count="3" type="stmt"/>
      </file>
    </package>
    <package name="components.common">
      <metrics statements="12" coveredstatements="12" conditionals="24" coveredconditionals="22" methods="8" coveredmethods="8"/>
      <file name="Alert.jsx" path="/Users/angelinabobrynok/Documents/uni/web/adboard-project-all 2/lab5/src/components/common/Alert.jsx">
        <metrics statements="4" coveredstatements="4" conditionals="2" coveredconditionals="1" methods="2" coveredmethods="2"/>
        <line num="1" count="2" type="stmt"/>
        <line num="8" count="12" type="stmt"/>
        <line num="10" count="12" type="stmt"/>
        <line num="22" count="2" type="stmt"/>
      </file>
      <file name="ConfirmDialog.jsx" path="/Users/angelinabobrynok/Documents/uni/web/adboard-project-all 2/lab5/src/components/common/ConfirmDialog.jsx">
        <metrics statements="2" coveredstatements="2" conditionals="7" coveredconditionals="7" methods="1" coveredmethods="1"/>
        <line num="11" count="55" type="cond" truecount="2" falsecount="0"/>
        <line num="13" count="9" type="stmt"/>
      </file>
      <file name="EmptyState.jsx" path="/Users/angelinabobrynok/Documents/uni/web/adboard-project-all 2/lab5/src/components/common/EmptyState.jsx">
        <metrics statements="1" coveredstatements="1" conditionals="10" coveredconditionals="9" methods="1" coveredmethods="1"/>
        <line num="10" count="14" type="stmt"/>
      </file>
      <file name="FormField.jsx" path="/Users/angelinabobrynok/Documents/uni/web/adboard-project-all 2/lab5/src/components/common/FormField.jsx">
        <metrics statements="1" coveredstatements="1" conditionals="5" coveredconditionals="5" methods="1" coveredmethods="1"/>
        <line num="8" count="295" type="stmt"/>
      </file>
      <file name="Loader.jsx" path="/Users/angelinabobrynok/Documents/uni/web/adboard-project-all 2/lab5/src/components/common/Loader.jsx">
        <metrics statements="1" coveredstatements="1" conditionals="0" coveredconditionals="0" methods="1" coveredmethods="1"/>
        <line num="2" count="27" type="stmt"/>
      </file>
      <file name="NotificationContainer.jsx" path="/Users/angelinabobrynok/Documents/uni/web/adboard-project-all 2/lab5/src/components/common/NotificationContainer.jsx">
        <metrics statements="3" coveredstatements="3" conditionals="0" coveredconditionals="0" methods="2" coveredmethods="2"/>
        <line num="5" count="10" type="stmt"/>
        <line num="7" count="10" type="stmt"/>
        <line num="10" count="4" type="stmt"/>
      </file>
    </package>
    <package name="components.layout">
      <metrics statements="17" coveredstatements="17" conditionals="12" coveredconditionals="11" methods="4" coveredmethods="4"/>
      <file name="Header.jsx" path="/Users/angelinabobrynok/Documents/uni/web/adboard-project-all 2/lab5/src/components/layout/Header.jsx">
        <metrics statements="6" coveredstatements="6" conditionals="6" coveredconditionals="5" methods="2" coveredmethods="2"/>
        <line num="6" count="15" type="stmt"/>
        <line num="7" count="15" type="stmt"/>
        <line num="9" count="15" type="stmt"/>
        <line num="10" count="1" type="stmt"/>
        <line num="11" count="1" type="stmt"/>
        <line num="14" count="15" type="stmt"/>
      </file>
      <file name="RequireAdmin.jsx" path="/Users/angelinabobrynok/Documents/uni/web/adboard-project-all 2/lab5/src/components/layout/RequireAdmin.jsx">
        <metrics statements="6" coveredstatements="6" conditionals="4" coveredconditionals="4" methods="1" coveredmethods="1"/>
        <line num="5" count="3" type="stmt"/>
        <line num="7" count="3" type="cond" truecount="2" falsecount="0"/>
        <line num="8" count="1" type="stmt"/>
        <line num="11" count="2" type="cond" truecount="2" falsecount="0"/>
        <line num="12" count="1" type="stmt"/>
        <line num="15" count="1" type="stmt"/>
      </file>
      <file name="RequireAuth.jsx" path="/Users/angelinabobrynok/Documents/uni/web/adboard-project-all 2/lab5/src/components/layout/RequireAuth.jsx">
        <metrics statements="5" coveredstatements="5" conditionals="2" coveredconditionals="2" methods="1" coveredmethods="1"/>
        <line num="5" count="2" type="stmt"/>
        <line num="6" count="2" type="stmt"/>
        <line num="8" count="2" type="cond" truecount="2" falsecount="0"/>
        <line num="9" count="1" type="stmt"/>
        <line num="12" count="1" type="stmt"/>
      </file>
    </package>
    <package name="components.users">
      <metrics statements="39" coveredstatements="34" conditionals="56" coveredconditionals="45" methods="17" coveredmethods="14"/>
      <file name="UserAvatar.jsx" path="/Users/angelinabobrynok/Documents/uni/web/adboard-project-all 2/lab5/src/components/users/UserAvatar.jsx">
        <metrics statements="1" coveredstatements="1" conditionals="1" coveredconditionals="1" methods="1" coveredmethods="1"/>
        <line num="4" count="25" type="stmt"/>
      </file>
      <file name="UserForm.jsx" path="/Users/angelinabobrynok/Documents/uni/web/adboard-project-all 2/lab5/src/components/users/UserForm.jsx">
        <metrics statements="30" coveredstatements="27" conditionals="49" coveredconditionals="40" methods="11" coveredmethods="10"/>
        <line num="6" count="1" type="stmt"/>
        <line num="11" count="9" type="stmt"/>
        <line num="20" count="9" type="stmt"/>
        <line num="29" count="24" type="stmt"/>
        <line num="30" count="24" type="stmt"/>
        <line num="31" count="24" type="stmt"/>
        <line num="32" count="24" type="stmt"/>
        <line num="34" count="144" type="stmt"/>
        <line num="36" count="24" type="stmt"/>
        <line num="37" count="4" type="stmt"/>
        <line num="41" count="4" type="cond" truecount="1" falsecount="1"/>
        <line num="44" count="4" type="stmt"/>
        <line num="45" count="4" type="cond" truecount="2" falsecount="0"/>
        <line num="48" count="4" type="stmt"/>
        <line num="50" count="4" type="stmt"/>
        <line num="57" count="4" type="stmt"/>
        <line num="58" count="4" type="stmt"/>
        <line num="61" count="24" type="stmt"/>
        <line num="62" count="4" type="stmt"/>
        <line num="63" count="4" type="cond" truecount="2" falsecount="0"/>
        <line num="65" count="1" type="stmt"/>
        <line num="72" count="1" type="cond" truecount="1" falsecount="1"/>
        <line num="73" count="1" type="stmt"/>
        <line num="74" count="0" type="cond" truecount="0" falsecount="4"/>
        <line num="75" count="0" type="stmt"/>
        <line num="78" count="1" type="stmt"/>
        <line num="81" count="24" type="cond" truecount="2" falsecount="0"/>
        <line num="83" count="24" type="stmt"/>
        <line num="135" count="48" type="stmt"/>
        <line num="170" count="0" type="stmt"/>
      </file>
      <file name="UserRoleBadge.jsx" path="/Users/angelinabobrynok/Documents/uni/web/adboard-project-all 2/lab5/src/components/users/UserRoleBadge.jsx">
        <metrics statements="3" coveredstatements="3" conditionals="2" coveredconditionals="2" methods="1" coveredmethods="1"/>
        <line num="2" count="25" type="cond" truecount="2" falsecount="0"/>
        <line num="3" count="10" type="stmt"/>
        <line num="5" count="15" type="stmt"/>
      </file>
      <file name="UserTableRow.jsx" path="/Users/angelinabobrynok/Documents/uni/web/adboard-project-all 2/lab5/src/components/users/UserTableRow.jsx">
        <metrics statements="5" coveredstatements="3" conditionals="4" coveredconditionals="2" methods="4" coveredmethods="2"/>
        <line num="7" count="21" type="stmt"/>
        <line num="9" count="21" type="stmt"/>
        <line num="33" count="0" type="stmt"/>
        <line num="41" count="0" type="stmt"/>
        <line num="49" count="1" type="stmt"/>
      </file>
    </package>
    <package name="hooks">
      <metrics statements="60" coveredstatements="60" conditionals="7" coveredconditionals="6" methods="29" coveredmethods="29"/>
      <file name="useAuth.jsx" path="/Users/angelinabobrynok/Documents/uni/web/adboard-project-all 2/lab5/src/hooks/useAuth.jsx">
        <metrics statements="19" coveredstatements="19" conditionals="2" coveredconditionals="2" methods="7" coveredmethods="7"/>
        <line num="10" count="7" type="stmt"/>
        <line num="12" count="7" type="stmt"/>
        <line num="13" count="8" type="stmt"/>
        <line num="14" count="8" type="stmt"/>
        <line num="15" count="8" type="cond" truecount="2" falsecount="0"/>
        <line num="17" count="1" type="stmt"/>
        <line num="21" count="7" type="stmt"/>
        <line num="24" count="12" type="stmt"/>
        <line num="26" count="12" type="stmt"/>
        <line num="29" count="3" type="stmt"/>
        <line num="30" count="3" type="stmt"/>
        <line num="31" count="3" type="stmt"/>
        <line num="34" count="12" type="stmt"/>
        <line num="35" count="1" type="stmt"/>
        <line num="36" count="1" type="stmt"/>
        <line num="39" count="12" type="stmt"/>
        <line num="41" count="12" type="stmt"/>
        <line num="48" count="12" type="stmt"/>
        <line num="55" count="12" type="stmt"/>
      </file>
      <file name="useDebounce.js" path="/Users/angelinabobrynok/Documents/uni/web/adboard-project-all 2/lab5/src/hooks/useDebounce.js">
        <metrics statements="6" coveredstatements="6" conditionals="1" coveredconditionals="1" methods="4" coveredmethods="4"/>
        <line num="3" count="2" type="cond" truecount="1" falsecount="0"/>
        <line num="4" count="38" type="stmt"/>
        <line num="6" count="38" type="stmt"/>
        <line num="7" count="23" type="stmt"/>
        <line num="8" count="23" type="stmt"/>
        <line num="11" count="38" type="stmt"/>
      </file>
      <file name="useFetch.js" path="/Users/angelinabobrynok/Documents/uni/web/adboard-project-all 2/lab5/src/hooks/useFetch.js">
        <metrics statements="13" coveredstatements="13" conditionals="3" coveredconditionals="3" methods="5" coveredmethods="5"/>
        <line num="3" count="1" type="cond" truecount="1" falsecount="0"/>
        <line num="4" count="12" type="stmt"/>
        <line num="5" count="12" type="stmt"/>
        <line num="6" count="12" type="stmt"/>
        <line num="8" count="12" type="stmt"/>
        <line num="9" count="7" type="stmt"/>
        <line num="10" count="7" type="stmt"/>
        <line num="11" count="7" type="stmt"/>
        <line num="13" count="2" type="cond" truecount="2" falsecount="0"/>
        <line num="14" count="6" type="stmt"/>
        <line num="17" count="12" type="stmt"/>
        <line num="18" count="6" type="stmt"/>
        <line num="21" count="12" type="stmt"/>
      </file>
      <file name="useNotify.js" path="/Users/angelinabobrynok/Documents/uni/web/adboard-project-all 2/lab5/src/hooks/useNotify.js">
        <metrics statements="17" coveredstatements="17" conditionals="1" coveredconditionals="0" methods="10" coveredmethods="10"/>
        <line num="7" count="5" type="stmt"/>
        <line num="9" count="5" type="stmt"/>
        <line num="10" count="23" type="stmt"/>
        <line num="11" count="23" type="stmt"/>
        <line num="13" count="23" type="stmt"/>
        <line num="14" count="2" type="stmt"/>
        <line num="15" count="2" type="stmt"/>
        <line num="16" count="2" type="stmt"/>
        <line num="19" count="23" type="cond" truecount="0" falsecount="1"/>
        <line num="20" count="10" type="stmt"/>
        <line num="21" count="10" type="stmt"/>
        <line num="22" count="10" type="stmt"/>
        <line num="23" count="10" type="stmt"/>
        <line num="26" count="23" type="stmt"/>
        <line num="27" count="23" type="stmt"/>
        <line num="28" count="23" type="stmt"/>
        <line num="30" count="23" type="stmt"/>
      </file>
      <file name="useNotifyContext.jsx" path="/Users/angelinabobrynok/Documents/uni/web/adboard-project-all 2/lab5/src/hooks/useNotifyContext.jsx">
        <metrics statements="5" coveredstatements="5" conditionals="0" coveredconditionals="0" methods="3" coveredmethods="3"/>
        <line num="8" count="4" type="stmt"/>
        <line num="11" count="6" type="stmt"/>
        <line num="13" count="6" type="stmt"/>
        <line num="15" count="6" type="stmt"/>
        <line num="22" count="5" type="stmt"/>
      </file>
    </package>
    <package name="pages">
      <metrics statements="72" coveredstatements="54" conditionals="59" coveredconditionals="45" methods="34" coveredmethods="19"/>
      <file name="AnnouncementsPage.jsx" path="/Users/angelinabobrynok/Documents/uni/web/adboard-project-all 2/lab5/src/pages/AnnouncementsPage.jsx">
        <metrics statements="41" coveredstatements="31" conditionals="41" coveredconditionals="30" methods="17" coveredmethods="9"/>
        <line num="12" count="1" type="stmt"/>
        <line num="19" count="1" type="stmt"/>
        <line num="29" count="1" type="stmt"/>
        <line num="30" count="25" type="stmt"/>
        <line num="31" count="25" type="stmt"/>
        <line num="32" count="10" type="cond" truecount="1" falsecount="3"/>
        <line num="36" count="10" type="cond" truecount="1" falsecount="1"/>
        <line num="37" count="10" type="cond" truecount="2" falsecount="0"/>
        <line num="42" count="25" type="stmt"/>
        <line num="43" count="25" type="stmt"/>
        <line num="44" count="25" type="stmt"/>
        <line num="45" count="25" type="stmt"/>
        <line num="46" count="25" type="stmt"/>
        <line num="47" count="25" type="stmt"/>
        <line num="48" count="25" type="stmt"/>
        <line num="49" count="25" type="stmt"/>
        <line num="51" count="25" type="stmt"/>
        <line num="52" count="13" type="stmt"/>
        <line num="53" count="13" type="stmt"/>
        <line num="54" count="13" type="cond" truecount="2" falsecount="0"/>
        <line num="55" count="13" type="cond" truecount="1" falsecount="1"/>
        <line num="56" count="0" type="stmt"/>
        <line num="57" count="0" type="cond" truecount="0" falsecount="2"/>
        <line num="59" count="13" type="cond" truecount="4" falsecount="0"/>
        <line num="61" count="13" type="stmt"/>
        <line num="63" count="1" type="stmt"/>
        <line num="64" count="12" type="stmt"/>
        <line num="67" count="25" type="stmt"/>
        <line num="69" count="25" type="stmt"/>
        <line num="70" count="0" type="stmt"/>
        <line num="72" count="0" type="stmt"/>
        <line num="73" count="0" type="stmt"/>
        <line num="74" count="0" type="stmt"/>
        <line num="76" count="0" type="stmt"/>
        <line num="79" count="25" type="stmt"/>
        <line num="81" count="25" type="stmt"/>
        <line num="100" count="0" type="stmt"/>
        <line num="107" count="0" type="stmt"/>
        <line num="111" count="175" type="stmt"/>
        <line num="144" count="10" type="stmt"/>
        <line num="156" count="0" type="stmt"/>
      </file>
      <file name="LoginPage.jsx" path="/Users/angelinabobrynok/Documents/uni/web/adboard-project-all 2/lab5/src/pages/LoginPage.jsx">
        <metrics statements="1" coveredstatements="1" conditionals="0" coveredconditionals="0" methods="1" coveredmethods="1"/>
        <line num="4" count="3" type="stmt"/>
      </file>
      <file name="NotFoundPage.jsx" path="/Users/angelinabobrynok/Documents/uni/web/adboard-project-all 2/lab5/src/pages/NotFoundPage.jsx">
        <metrics statements="1" coveredstatements="1" conditionals="0" coveredconditionals="0" methods="1" coveredmethods="1"/>
        <line num="4" count="3" type="stmt"/>
      </file>
      <file name="UsersListPage.jsx" path="/Users/angelinabobrynok/Documents/uni/web/adboard-project-all 2/lab5/src/pages/UsersListPage.jsx">
        <metrics statements="29" coveredstatements="21" conditionals="18" coveredconditionals="15" methods="15" coveredmethods="8"/>
        <line num="11" count="20" type="stmt"/>
        <line num="12" count="20" type="stmt"/>
        <line num="13" count="20" type="stmt"/>
        <line num="14" count="20" type="stmt"/>
        <line num="15" count="20" type="stmt"/>
        <line num="16" count="20" type="stmt"/>
        <line num="18" count="20" type="stmt"/>
        <line num="19" count="10" type="stmt"/>
        <line num="20" count="10" type="stmt"/>
        <line num="22" count="1" type="stmt"/>
        <line num="23" count="9" type="stmt"/>
        <line num="26" count="20" type="stmt"/>
        <line num="27" count="10" type="stmt"/>
        <line num="30" count="20" type="stmt"/>
        <line num="31" count="0" type="stmt"/>
        <line num="33" count="0" type="stmt"/>
        <line num="34" count="0" type="stmt"/>
        <line num="35" count="0" type="stmt"/>
        <line num="38" count="0" type="stmt"/>
        <line num="39" count="0" type="stmt"/>
        <line num="43" count="20" type="stmt"/>
        <line num="44" count="16" type="cond" truecount="2" falsecount="0"/>
        <line num="46" count="16" type="cond" truecount="1" falsecount="1"/>
        <line num="47" count="16" type="cond" truecount="2" falsecount="0"/>
        <line num="50" count="20" type="stmt"/>
        <line num="73" count="1" type="stmt"/>
        <line num="80" count="0" type="stmt"/>
        <line num="114" count="15" type="stmt"/>
        <line num="131" count="0" type="stmt"/>
      </file>
    </package>
    <package name="utils">
      <metrics statements="29" coveredstatements="29" conditionals="15" coveredconditionals="15" methods="10" coveredmethods="10"/>
      <file name="format.js" path="/Users/angelinabobrynok/Documents/uni/web/adboard-project-all 2/lab5/src/utils/format.js">
        <metrics statements="7" coveredstatements="7" conditionals="1" coveredconditionals="1" methods="3" coveredmethods="3"/>
        <line num="1" count="6" type="stmt"/>
        <line num="2" count="45" type="stmt"/>
        <line num="3" count="45" type="stmt"/>
        <line num="10" count="6" type="stmt"/>
        <line num="11" count="1" type="stmt"/>
        <line num="12" count="1" type="stmt"/>
        <line num="21" count="38" type="cond" truecount="1" falsecount="0"/>
      </file>
      <file name="validate.js" path="/Users/angelinabobrynok/Documents/uni/web/adboard-project-all 2/lab5/src/utils/validate.js">
        <metrics statements="22" coveredstatements="22" conditionals="14" coveredconditionals="14" methods="7" coveredmethods="7"/>
        <line num="1" count="5" type="stmt"/>
        <line num="2" count="43" type="cond" truecount="4" falsecount="0"/>
        <line num="3" count="18" type="stmt"/>
        <line num="5" count="25" type="stmt"/>
        <line num="8" count="17" type="stmt"/>
        <line num="9" count="12" type="cond" truecount="4" falsecount="0"/>
        <line num="10" count="5" type="stmt"/>
        <line num="12" count="7" type="stmt"/>
        <line num="15" count="5" type="stmt"/>
        <line num="16" count="6" type="cond" truecount="2" falsecount="0"/>
        <line num="17" count="2" type="stmt"/>
        <line num="19" count="4" type="stmt"/>
        <line num="22" count="5" type="stmt"/>
        <line num="23" count="5" type="cond" truecount="2" falsecount="0"/>
        <line num="24" count="3" type="stmt"/>
        <line num="26" count="2" type="stmt"/>
        <line num="29" count="5" type="stmt"/>
        <line num="30" count="43" type="stmt"/>
        <line num="31" count="53" type="stmt"/>
        <line num="32" count="53" type="cond" truecount="2" falsecount="0"/>
        <line num="34" count="23" type="stmt"/>
        <line num="37" count="5" type="stmt"/>
      </file>
    </package>
  </project>
</coverage>
