{"/Users/angelinabobrynok/Documents/uni/web/adboard-project-all 2/lab5/src/api/announcementsApi.js": {"path":"/Users/angelinabobrynok/Documents/uni/web/adboard-project-all 2/lab5/src/api/announcementsApi.js","statementMap":{"0":{"start":{"line":3,"column":19},"end":{"line":12,"column":1}},"1":{"start":{"line":4,"column":18},"end":{"line":4,"column":39}},"2":{"start":{"line":5,"column":4},"end":{"line":9,"column":7}},"3":{"start":{"line":6,"column":8},"end":{"line":8,"column":9}},"4":{"start":{"line":7,"column":12},"end":{"line":7,"column":34}},"5":{"start":{"line":10,"column":15},"end":{"line":10,"column":31}},"6":{"start":{"line":11,"column":4},"end":{"line":11,"column":30}},"7":{"start":{"line":14,"column":25},"end":{"line":27,"column":1}},"8":{"start":{"line":15,"column":29},"end":{"line":15,"column":81}},"9":{"start":{"line":17,"column":21},"end":{"line":17,"column":58}},"10":{"start":{"line":19,"column":22},"end":{"line":22,"column":6}},"11":{"start":{"line":24,"column":26},"end":{"line":24,"column":69}},"12":{"start":{"line":26,"column":20},"end":{"line":26,"column":60}}},"fnMap":{"0":{"name":"(anonymous_0)","decl":{"start":{"line":3,"column":19},"end":{"line":3,"column":20}},"loc":{"start":{"line":3,"column":36},"end":{"line":12,"column":1}},"line":3},"1":{"name":"(anonymous_1)","decl":{"start":{"line":5,"column":35},"end":{"line":5,"column":36}},"loc":{"start":{"line":5,"column":53},"end":{"line":9,"column":5}},"line":5},"2":{"name":"(anonymous_2)","decl":{"start":{"line":15,"column":12},"end":{"line":15,"column":13}},"loc":{"start":{"line":15,"column":29},"end":{"line":15,"column":81}},"line":15},"3":{"name":"(anonymous_3)","decl":{"start":{"line":17,"column":13},"end":{"line":17,"column":14}},"loc":{"start":{"line":17,"column":21},"end":{"line":17,"column":58}},"line":17},"4":{"name":"(anonymous_4)","decl":{"start":{"line":19,"column":12},"end":{"line":19,"column":13}},"loc":{"start":{"line":19,"column":22},"end":{"line":22,"column":6}},"line":19},"5":{"name":"(anonymous_5)","decl":{"start":{"line":24,"column":12},"end":{"line":24,"column":13}},"loc":{"start":{"line":24,"column":26},"end":{"line":24,"column":69}},"line":24},"6":{"name":"(anonymous_6)","decl":{"start":{"line":26,"column":12},"end":{"line":26,"column":13}},"loc":{"start":{"line":26,"column":20},"end":{"line":26,"column":60}},"line":26}},"branchMap":{"0":{"loc":{"start":{"line":3,"column":20},"end":{"line":3,"column":31}},"type":"default-arg","locations":[{"start":{"line":3,"column":29},"end":{"line":3,"column":31}}],"line":3},"1":{"loc":{"start":{"line":6,"column":8},"end":{"line":8,"column":9}},"type":"if","locations":[{"start":{"line":6,"column":8},"end":{"line":8,"column":9}},{"start":{},"end":{}}],"line":6},"2":{"loc":{"start":{"line":6,"column":12},"end":{"line":6,"column":47}},"type":"binary-expr","locations":[{"start":{"line":6,"column":12},"end":{"line":6,"column":31}},{"start":{"line":6,"column":35},"end":{"line":6,"column":47}}],"line":6},"3":{"loc":{"start":{"line":11,"column":11},"end":{"line":11,"column":29}},"type":"cond-expr","locations":[{"start":{"line":11,"column":16},"end":{"line":11,"column":24}},{"start":{"line":11,"column":27},"end":{"line":11,"column":29}}],"line":11},"4":{"loc":{"start":{"line":15,"column":13},"end":{"line":15,"column":24}},"type":"default-arg","locations":[{"start":{"line":15,"column":22},"end":{"line":15,"column":24}}],"line":15}},"s":{"0":2,"1":4,"2":4,"3":5,"4":4,"5":4,"6":4,"7":2,"8":4,"9":1,"10":1,"11":1,"12":1},"f":{"0":4,"1":5,"2":4,"3":1,"4":1,"5":1,"6":1},"b":{"0":[0],"1":[4,1],"2":[5,5],"3":[3,1],"4":[1]},"_coverageSchema":"1a1c01bbd47fc00a2c39e90264f33305004495a9","hash":"25a0cff3ffad54165b983b9f12ea2173e39e5345"}
,"/Users/angelinabobrynok/Documents/uni/web/adboard-project-all 2/lab5/src/api/client.js": {"path":"/Users/angelinabobrynok/Documents/uni/web/adboard-project-all 2/lab5/src/api/client.js","statementMap":{"0":{"start":{"line":1,"column":17},"end":{"line":1,"column":40}},"1":{"start":{"line":3,"column":16},"end":{"line":25,"column":1}},"2":{"start":{"line":4,"column":20},"end":{"line":7,"column":5}},"3":{"start":{"line":9,"column":4},"end":{"line":11,"column":5}},"4":{"start":{"line":10,"column":8},"end":{"line":10,"column":44}},"5":{"start":{"line":13,"column":4},"end":{"line":24,"column":11}},"6":{"start":{"line":15,"column":12},"end":{"line":19,"column":13}},"7":{"start":{"line":16,"column":16},"end":{"line":18,"column":19}},"8":{"start":{"line":17,"column":20},"end":{"line":17,"column":78}},"9":{"start":{"line":20,"column":12},"end":{"line":22,"column":13}},"10":{"start":{"line":21,"column":16},"end":{"line":21,"column":28}},"11":{"start":{"line":23,"column":12},"end":{"line":23,"column":35}},"12":{"start":{"line":27,"column":18},"end":{"line":32,"column":1}},"13":{"start":{"line":28,"column":19},"end":{"line":28,"column":39}},"14":{"start":{"line":29,"column":26},"end":{"line":29,"column":53}},"15":{"start":{"line":30,"column":25},"end":{"line":30,"column":51}},"16":{"start":{"line":31,"column":22},"end":{"line":31,"column":45}}},"fnMap":{"0":{"name":"(anonymous_0)","decl":{"start":{"line":3,"column":16},"end":{"line":3,"column":17}},"loc":{"start":{"line":3,"column":47},"end":{"line":25,"column":1}},"line":3},"1":{"name":"(anonymous_1)","decl":{"start":{"line":14,"column":14},"end":{"line":14,"column":15}},"loc":{"start":{"line":14,"column":28},"end":{"line":24,"column":9}},"line":14},"2":{"name":"(anonymous_2)","decl":{"start":{"line":16,"column":44},"end":{"line":16,"column":45}},"loc":{"start":{"line":16,"column":53},"end":{"line":18,"column":17}},"line":16},"3":{"name":"(anonymous_3)","decl":{"start":{"line":28,"column":9},"end":{"line":28,"column":10}},"loc":{"start":{"line":28,"column":19},"end":{"line":28,"column":39}},"line":28},"4":{"name":"(anonymous_4)","decl":{"start":{"line":29,"column":10},"end":{"line":29,"column":11}},"loc":{"start":{"line":29,"column":26},"end":{"line":29,"column":53}},"line":29},"5":{"name":"(anonymous_5)","decl":{"start":{"line":30,"column":9},"end":{"line":30,"column":10}},"loc":{"start":{"line":30,"column":25},"end":{"line":30,"column":51}},"line":30},"6":{"name":"(anonymous_6)","decl":{"start":{"line":31,"column":12},"end":{"line":31,"column":13}},"loc":{"start":{"line":31,"column":22},"end":{"line":31,"column":45}},"line":31}},"branchMap":{"0":{"loc":{"start":{"line":3,"column":31},"end":{"line":3,"column":42}},"type":"default-arg","locations":[{"start":{"line":3,"column":38},"end":{"line":3,"column":42}}],"line":3},"1":{"loc":{"start":{"line":9,"column":4},"end":{"line":11,"column":5}},"type":"if","locations":[{"start":{"line":9,"column":4},"end":{"line":11,"column":5}},{"start":{},"end":{}}],"line":9},"2":{"loc":{"start":{"line":15,"column":12},"end":{"line":19,"column":13}},"type":"if","locations":[{"start":{"line":15,"column":12},"end":{"line":19,"column":13}},{"start":{},"end":{}}],"line":15},"3":{"loc":{"start":{"line":17,"column":36},"end":{"line":17,"column":76}},"type":"binary-expr","locations":[{"start":{"line":17,"column":36},"end":{"line":17,"column":47}},{"start":{"line":17,"column":51},"end":{"line":17,"column":76}}],"line":17},"4":{"loc":{"start":{"line":20,"column":12},"end":{"line":22,"column":13}},"type":"if","locations":[{"start":{"line":20,"column":12},"end":{"line":22,"column":13}},{"start":{},"end":{}}],"line":20}},"s":{"0":11,"1":11,"2":7,"3":7,"4":2,"5":7,"6":7,"7":1,"8":1,"9":6,"10":2,"11":4,"12":11,"13":3,"14":1,"15":1,"16":2},"f":{"0":7,"1":7,"2":1,"3":3,"4":1,"5":1,"6":2},"b":{"0":[5],"1":[2,5],"2":[1,6],"3":[1,0],"4":[2,4]},"_coverageSchema":"1a1c01bbd47fc00a2c39e90264f33305004495a9","hash":"d1b51ae7b00e8a27b10f2fd0a5e27b8810466483"}
,"/Users/angelinabobrynok/Documents/uni/web/adboard-project-all 2/lab5/src/api/usersApi.js": {"path":"/Users/angelinabobrynok/Documents/uni/web/adboard-project-all 2/lab5/src/api/usersApi.js","statementMap":{"0":{"start":{"line":3,"column":19},"end":{"line":12,"column":1}},"1":{"start":{"line":4,"column":18},"end":{"line":4,"column":39}},"2":{"start":{"line":5,"column":4},"end":{"line":9,"column":7}},"3":{"start":{"line":6,"column":8},"end":{"line":8,"column":9}},"4":{"start":{"line":7,"column":12},"end":{"line":7,"column":34}},"5":{"start":{"line":10,"column":15},"end":{"line":10,"column":31}},"6":{"start":{"line":11,"column":4},"end":{"line":11,"column":30}},"7":{"start":{"line":14,"column":17},"end":{"line":40,"column":1}},"8":{"start":{"line":15,"column":29},"end":{"line":15,"column":73}},"9":{"start":{"line":17,"column":21},"end":{"line":17,"column":50}},"10":{"start":{"line":19,"column":22},"end":{"line":22,"column":6}},"11":{"start":{"line":24,"column":26},"end":{"line":24,"column":61}},"12":{"start":{"line":26,"column":20},"end":{"line":26,"column":52}},"13":{"start":{"line":28,"column":42},"end":{"line":39,"column":10}},"14":{"start":{"line":31,"column":12},"end":{"line":33,"column":13}},"15":{"start":{"line":32,"column":16},"end":{"line":32,"column":50}},"16":{"start":{"line":34,"column":25},"end":{"line":34,"column":33}},"17":{"start":{"line":35,"column":12},"end":{"line":37,"column":13}},"18":{"start":{"line":36,"column":16},"end":{"line":36,"column":52}},"19":{"start":{"line":38,"column":12},"end":{"line":38,"column":24}}},"fnMap":{"0":{"name":"(anonymous_0)","decl":{"start":{"line":3,"column":19},"end":{"line":3,"column":20}},"loc":{"start":{"line":3,"column":36},"end":{"line":12,"column":1}},"line":3},"1":{"name":"(anonymous_1)","decl":{"start":{"line":5,"column":35},"end":{"line":5,"column":36}},"loc":{"start":{"line":5,"column":53},"end":{"line":9,"column":5}},"line":5},"2":{"name":"(anonymous_2)","decl":{"start":{"line":15,"column":12},"end":{"line":15,"column":13}},"loc":{"start":{"line":15,"column":29},"end":{"line":15,"column":73}},"line":15},"3":{"name":"(anonymous_3)","decl":{"start":{"line":17,"column":13},"end":{"line":17,"column":14}},"loc":{"start":{"line":17,"column":21},"end":{"line":17,"column":50}},"line":17},"4":{"name":"(anonymous_4)","decl":{"start":{"line":19,"column":12},"end":{"line":19,"column":13}},"loc":{"start":{"line":19,"column":22},"end":{"line":22,"column":6}},"line":19},"5":{"name":"(anonymous_5)","decl":{"start":{"line":24,"column":12},"end":{"line":24,"column":13}},"loc":{"start":{"line":24,"column":26},"end":{"line":24,"column":61}},"line":24},"6":{"name":"(anonymous_6)","decl":{"start":{"line":26,"column":12},"end":{"line":26,"column":13}},"loc":{"start":{"line":26,"column":20},"end":{"line":26,"column":52}},"line":26},"7":{"name":"(anonymous_7)","decl":{"start":{"line":28,"column":18},"end":{"line":28,"column":19}},"loc":{"start":{"line":28,"column":42},"end":{"line":39,"column":10}},"line":28},"8":{"name":"(anonymous_8)","decl":{"start":{"line":30,"column":14},"end":{"line":30,"column":15}},"loc":{"start":{"line":30,"column":25},"end":{"line":39,"column":9}},"line":30}},"branchMap":{"0":{"loc":{"start":{"line":3,"column":20},"end":{"line":3,"column":31}},"type":"default-arg","locations":[{"start":{"line":3,"column":29},"end":{"line":3,"column":31}}],"line":3},"1":{"loc":{"start":{"line":6,"column":8},"end":{"line":8,"column":9}},"type":"if","locations":[{"start":{"line":6,"column":8},"end":{"line":8,"column":9}},{"start":{},"end":{}}],"line":6},"2":{"loc":{"start":{"line":6,"column":12},"end":{"line":6,"column":47}},"type":"binary-expr","locations":[{"start":{"line":6,"column":12},"end":{"line":6,"column":31}},{"start":{"line":6,"column":35},"end":{"line":6,"column":47}}],"line":6},"3":{"loc":{"start":{"line":11,"column":11},"end":{"line":11,"column":29}},"type":"cond-expr","locations":[{"start":{"line":11,"column":16},"end":{"line":11,"column":24}},{"start":{"line":11,"column":27},"end":{"line":11,"column":29}}],"line":11},"4":{"loc":{"start":{"line":15,"column":13},"end":{"line":15,"column":24}},"type":"default-arg","locations":[{"start":{"line":15,"column":22},"end":{"line":15,"column":24}}],"line":15},"5":{"loc":{"start":{"line":31,"column":12},"end":{"line":33,"column":13}},"type":"if","locations":[{"start":{"line":31,"column":12},"end":{"line":33,"column":13}},{"start":{},"end":{}}],"line":31},"6":{"loc":{"start":{"line":31,"column":16},"end":{"line":31,"column":44}},"type":"binary-expr","locations":[{"start":{"line":31,"column":16},"end":{"line":31,"column":22}},{"start":{"line":31,"column":26},"end":{"line":31,"column":44}}],"line":31},"7":{"loc":{"start":{"line":35,"column":12},"end":{"line":37,"column":13}},"type":"if","locations":[{"start":{"line":35,"column":12},"end":{"line":37,"column":13}},{"start":{},"end":{}}],"line":35}},"s":{"0":8,"1":2,"2":2,"3":1,"4":1,"5":2,"6":2,"7":8,"8":2,"9":1,"10":1,"11":1,"12":1,"13":3,"14":3,"15":1,"16":2,"17":2,"18":1,"19":1},"f":{"0":2,"1":1,"2":2,"3":1,"4":1,"5":1,"6":1,"7":3,"8":3},"b":{"0":[0],"1":[1,0],"2":[1,1],"3":[1,1],"4":[1],"5":[1,2],"6":[3,3],"7":[1,1]},"_coverageSchema":"1a1c01bbd47fc00a2c39e90264f33305004495a9","hash":"977f6233c91973f0436771134c0c432cd1e79550"}
,"/Users/angelinabobrynok/Documents/uni/web/adboard-project-all 2/lab5/src/components/announcements/AnnouncementCard.jsx": {"path":"/Users/angelinabobrynok/Documents/uni/web/adboard-project-all 2/lab5/src/components/announcements/AnnouncementCard.jsx","statementMap":{"0":{"start":{"line":5,"column":23},"end":{"line":12,"column":1}},"1":{"start":{"line":15,"column":30},"end":{"line":15,"column":39}},"2":{"start":{"line":16,"column":21},"end":{"line":16,"column":34}},"3":{"start":{"line":18,"column":20},"end":{"line":18,"column":61}},"4":{"start":{"line":19,"column":20},"end":{"line":19,"column":38}},"5":{"start":{"line":20,"column":21},"end":{"line":20,"column":57}},"6":{"start":{"line":21,"column":22},"end":{"line":21,"column":89}},"7":{"start":{"line":22,"column":18},"end":{"line":22,"column":63}},"8":{"start":{"line":24,"column":4},"end":{"line":78,"column":6}},"9":{"start":{"line":41,"column":43},"end":{"line":41,"column":79}},"10":{"start":{"line":49,"column":43},"end":{"line":49,"column":65}}},"fnMap":{"0":{"name":"AnnouncementCard","decl":{"start":{"line":14,"column":9},"end":{"line":14,"column":25}},"loc":{"start":{"line":14,"column":54},"end":{"line":79,"column":1}},"line":14},"1":{"name":"(anonymous_1)","decl":{"start":{"line":41,"column":37},"end":{"line":41,"column":38}},"loc":{"start":{"line":41,"column":43},"end":{"line":41,"column":79}},"line":41},"2":{"name":"(anonymous_2)","decl":{"start":{"line":49,"column":37},"end":{"line":49,"column":38}},"loc":{"start":{"line":49,"column":43},"end":{"line":49,"column":65}},"line":49}},"branchMap":{"0":{"loc":{"start":{"line":18,"column":20},"end":{"line":18,"column":61}},"type":"binary-expr","locations":[{"start":{"line":18,"column":20},"end":{"line":18,"column":24}},{"start":{"line":18,"column":28},"end":{"line":18,"column":61}}],"line":18},"1":{"loc":{"start":{"line":19,"column":20},"end":{"line":19,"column":38}},"type":"binary-expr","locations":[{"start":{"line":19,"column":20},"end":{"line":19,"column":27}},{"start":{"line":19,"column":31},"end":{"line":19,"column":38}}],"line":19},"2":{"loc":{"start":{"line":21,"column":22},"end":{"line":21,"column":89}},"type":"cond-expr","locations":[{"start":{"line":21,"column":33},"end":{"line":21,"column":60}},{"start":{"line":21,"column":63},"end":{"line":21,"column":89}}],"line":21},"3":{"loc":{"start":{"line":22,"column":18},"end":{"line":22,"column":63}},"type":"binary-expr","locations":[{"start":{"line":22,"column":18},"end":{"line":22,"column":55}},{"start":{"line":22,"column":59},"end":{"line":22,"column":63}}],"line":22},"4":{"loc":{"start":{"line":28,"column":21},"end":{"line":30,"column":99}},"type":"cond-expr","locations":[{"start":{"line":29,"column":26},"end":{"line":29,"column":70}},{"start":{"line":30,"column":26},"end":{"line":30,"column":99}}],"line":28},"5":{"loc":{"start":{"line":35,"column":17},"end":{"line":54,"column":17}},"type":"binary-expr","locations":[{"start":{"line":35,"column":17},"end":{"line":35,"column":24}},{"start":{"line":36,"column":20},"end":{"line":53,"column":26}}],"line":35}},"s":{"0":2,"1":22,"2":22,"3":22,"4":22,"5":22,"6":22,"7":22,"8":22,"9":0,"10":1},"f":{"0":22,"1":0,"2":1},"b":{"0":[22,14],"1":[22,10],"2":[20,2],"3":[22,0],"4":[20,2],"5":[22,13]},"_coverageSchema":"1a1c01bbd47fc00a2c39e90264f33305004495a9","hash":"676f7e4c829d20f0c37a7c2babce7393187d2d0a"}
,"/Users/angelinabobrynok/Documents/uni/web/adboard-project-all 2/lab5/src/components/announcements/AnnouncementForm.jsx": {"path":"/Users/angelinabobrynok/Documents/uni/web/adboard-project-all 2/lab5/src/components/announcements/AnnouncementForm.jsx","statementMap":{"0":{"start":{"line":6,"column":19},"end":{"line":13,"column":1}},"1":{"start":{"line":15,"column":27},"end":{"line":18,"column":1}},"2":{"start":{"line":20,"column":26},"end":{"line":26,"column":2}},"3":{"start":{"line":20,"column":36},"end":{"line":26,"column":1}},"4":{"start":{"line":28,"column":27},"end":{"line":33,"column":2}},"5":{"start":{"line":28,"column":34},"end":{"line":33,"column":1}},"6":{"start":{"line":36,"column":32},"end":{"line":36,"column":75}},"7":{"start":{"line":36,"column":47},"end":{"line":36,"column":74}},"8":{"start":{"line":37,"column":32},"end":{"line":37,"column":60}},"9":{"start":{"line":38,"column":21},"end":{"line":38,"column":34}},"10":{"start":{"line":39,"column":19},"end":{"line":39,"column":36}},"11":{"start":{"line":41,"column":21},"end":{"line":41,"column":94}},"12":{"start":{"line":41,"column":30},"end":{"line":41,"column":94}},"13":{"start":{"line":41,"column":37},"end":{"line":41,"column":94}},"14":{"start":{"line":41,"column":58},"end":{"line":41,"column":92}},"15":{"start":{"line":43,"column":24},"end":{"line":63,"column":5}},"16":{"start":{"line":44,"column":25},"end":{"line":47,"column":10}},"17":{"start":{"line":48,"column":24},"end":{"line":51,"column":10}},"18":{"start":{"line":52,"column":23},"end":{"line":52,"column":80}},"19":{"start":{"line":53,"column":23},"end":{"line":53,"column":78}},"20":{"start":{"line":55,"column":21},"end":{"line":60,"column":9}},"21":{"start":{"line":61,"column":8},"end":{"line":61,"column":24}},"22":{"start":{"line":62,"column":8},"end":{"line":62,"column":50}},"23":{"start":{"line":65,"column":25},"end":{"line":75,"column":5}},"24":{"start":{"line":66,"column":8},"end":{"line":66,"column":27}},"25":{"start":{"line":67,"column":8},"end":{"line":67,"column":35}},"26":{"start":{"line":67,"column":28},"end":{"line":67,"column":35}},"27":{"start":{"line":68,"column":8},"end":{"line":74,"column":11}},"28":{"start":{"line":77,"column":23},"end":{"line":77,"column":69}},"29":{"start":{"line":79,"column":4},"end":{"line":161,"column":6}},"30":{"start":{"line":118,"column":24},"end":{"line":118,"column":80}},"31":{"start":{"line":132,"column":24},"end":{"line":132,"column":80}},"32":{"start":{"line":152,"column":35},"end":{"line":152,"column":55}}},"fnMap":{"0":{"name":"(anonymous_0)","decl":{"start":{"line":20,"column":26},"end":{"line":20,"column":27}},"loc":{"start":{"line":20,"column":36},"end":{"line":26,"column":1}},"line":20},"1":{"name":"(anonymous_1)","decl":{"start":{"line":28,"column":27},"end":{"line":28,"column":28}},"loc":{"start":{"line":28,"column":34},"end":{"line":33,"column":1}},"line":28},"2":{"name":"AnnouncementForm","decl":{"start":{"line":35,"column":9},"end":{"line":35,"column":25}},"loc":{"start":{"line":35,"column":66},"end":{"line":162,"column":1}},"line":35},"3":{"name":"(anonymous_3)","decl":{"start":{"line":36,"column":41},"end":{"line":36,"column":42}},"loc":{"start":{"line":36,"column":47},"end":{"line":36,"column":74}},"line":36},"4":{"name":"(anonymous_4)","decl":{"start":{"line":41,"column":21},"end":{"line":41,"column":22}},"loc":{"start":{"line":41,"column":30},"end":{"line":41,"column":94}},"line":41},"5":{"name":"(anonymous_5)","decl":{"start":{"line":41,"column":30},"end":{"line":41,"column":31}},"loc":{"start":{"line":41,"column":37},"end":{"line":41,"column":94}},"line":41},"6":{"name":"(anonymous_6)","decl":{"start":{"line":41,"column":47},"end":{"line":41,"column":48}},"loc":{"start":{"line":41,"column":58},"end":{"line":41,"column":92}},"line":41},"7":{"name":"(anonymous_7)","decl":{"start":{"line":43,"column":24},"end":{"line":43,"column":25}},"loc":{"start":{"line":43,"column":30},"end":{"line":63,"column":5}},"line":43},"8":{"name":"(anonymous_8)","decl":{"start":{"line":65,"column":25},"end":{"line":65,"column":26}},"loc":{"start":{"line":65,"column":32},"end":{"line":75,"column":5}},"line":65},"9":{"name":"(anonymous_9)","decl":{"start":{"line":117,"column":44},"end":{"line":117,"column":45}},"loc":{"start":{"line":118,"column":24},"end":{"line":118,"column":80}},"line":118},"10":{"name":"(anonymous_10)","decl":{"start":{"line":131,"column":36},"end":{"line":131,"column":37}},"loc":{"start":{"line":132,"column":24},"end":{"line":132,"column":80}},"line":132},"11":{"name":"(anonymous_11)","decl":{"start":{"line":152,"column":29},"end":{"line":152,"column":30}},"loc":{"start":{"line":152,"column":35},"end":{"line":152,"column":55}},"line":152}},"branchMap":{"0":{"loc":{"start":{"line":21,"column":11},"end":{"line":21,"column":27}},"type":"binary-expr","locations":[{"start":{"line":21,"column":11},"end":{"line":21,"column":21}},{"start":{"line":21,"column":25},"end":{"line":21,"column":27}}],"line":21},"1":{"loc":{"start":{"line":22,"column":10},"end":{"line":22,"column":25}},"type":"binary-expr","locations":[{"start":{"line":22,"column":10},"end":{"line":22,"column":19}},{"start":{"line":22,"column":23},"end":{"line":22,"column":25}}],"line":22},"2":{"loc":{"start":{"line":23,"column":16},"end":{"line":23,"column":37}},"type":"binary-expr","locations":[{"start":{"line":23,"column":16},"end":{"line":23,"column":31}},{"start":{"line":23,"column":35},"end":{"line":23,"column":37}}],"line":23},"3":{"loc":{"start":{"line":24,"column":14},"end":{"line":24,"column":33}},"type":"binary-expr","locations":[{"start":{"line":24,"column":14},"end":{"line":24,"column":27}},{"start":{"line":24,"column":31},"end":{"line":24,"column":33}}],"line":24},"4":{"loc":{"start":{"line":25,"column":13},"end":{"line":25,"column":31}},"type":"binary-expr","locations":[{"start":{"line":25,"column":13},"end":{"line":25,"column":25}},{"start":{"line":25,"column":29},"end":{"line":25,"column":31}}],"line":25},"5":{"loc":{"start":{"line":35,"column":28},"end":{"line":35,"column":43}},"type":"default-arg","locations":[{"start":{"line":35,"column":39},"end":{"line":35,"column":43}}],"line":35},"6":{"loc":{"start":{"line":56,"column":19},"end":{"line":56,"column":33}},"type":"binary-expr","locations":[{"start":{"line":56,"column":19},"end":{"line":56,"column":27}},{"start":{"line":56,"column":31},"end":{"line":56,"column":33}}],"line":56},"7":{"loc":{"start":{"line":57,"column":18},"end":{"line":57,"column":31}},"type":"binary-expr","locations":[{"start":{"line":57,"column":18},"end":{"line":57,"column":25}},{"start":{"line":57,"column":29},"end":{"line":57,"column":31}}],"line":57},"8":{"loc":{"start":{"line":58,"column":24},"end":{"line":58,"column":36}},"type":"binary-expr","locations":[{"start":{"line":58,"column":24},"end":{"line":58,"column":30}},{"start":{"line":58,"column":34},"end":{"line":58,"column":36}}],"line":58},"9":{"loc":{"start":{"line":59,"column":22},"end":{"line":59,"column":34}},"type":"binary-expr","locations":[{"start":{"line":59,"column":22},"end":{"line":59,"column":28}},{"start":{"line":59,"column":32},"end":{"line":59,"column":34}}],"line":59},"10":{"loc":{"start":{"line":67,"column":8},"end":{"line":67,"column":35}},"type":"if","locations":[{"start":{"line":67,"column":8},"end":{"line":67,"column":35}},{"start":{},"end":{}}],"line":67},"11":{"loc":{"start":{"line":77,"column":23},"end":{"line":77,"column":69}},"type":"cond-expr","locations":[{"start":{"line":77,"column":32},"end":{"line":77,"column":63}},{"start":{"line":77,"column":66},"end":{"line":77,"column":69}}],"line":77},"12":{"loc":{"start":{"line":83,"column":44},"end":{"line":83,"column":90}},"type":"cond-expr","locations":[{"start":{"line":83,"column":59},"end":{"line":83,"column":85}},{"start":{"line":83,"column":88},"end":{"line":83,"column":90}}],"line":83},"13":{"loc":{"start":{"line":95,"column":47},"end":{"line":95,"column":92}},"type":"cond-expr","locations":[{"start":{"line":95,"column":61},"end":{"line":95,"column":87}},{"start":{"line":95,"column":90},"end":{"line":95,"column":92}}],"line":95},"14":{"loc":{"start":{"line":111,"column":45},"end":{"line":111,"column":96}},"type":"cond-expr","locations":[{"start":{"line":111,"column":65},"end":{"line":111,"column":91}},{"start":{"line":111,"column":94},"end":{"line":111,"column":96}}],"line":111},"15":{"loc":{"start":{"line":125,"column":45},"end":{"line":125,"column":94}},"type":"cond-expr","locations":[{"start":{"line":125,"column":63},"end":{"line":125,"column":89}},{"start":{"line":125,"column":92},"end":{"line":125,"column":94}}],"line":125},"16":{"loc":{"start":{"line":157,"column":21},"end":{"line":157,"column":93}},"type":"cond-expr","locations":[{"start":{"line":157,"column":31},"end":{"line":157,"column":40}},{"start":{"line":157,"column":44},"end":{"line":157,"column":92}}],"line":157},"17":{"loc":{"start":{"line":157,"column":44},"end":{"line":157,"column":92}},"type":"cond-expr","locations":[{"start":{"line":157,"column":53},"end":{"line":157,"column":67}},{"start":{"line":157,"column":70},"end":{"line":157,"column":92}}],"line":157}},"s":{"0":1,"1":1,"2":1,"3":10,"4":1,"5":10,"6":18,"7":10,"8":18,"9":18,"10":18,"11":18,"12":90,"13":5,"14":5,"15":18,"16":3,"17":3,"18":3,"19":3,"20":3,"21":3,"22":3,"23":18,"24":3,"25":3,"26":2,"27":1,"28":18,"29":18,"30":36,"31":108,"32":0},"f":{"0":10,"1":10,"2":18,"3":10,"4":90,"5":5,"6":5,"7":3,"8":3,"9":36,"10":108,"11":0},"b":{"0":[10,8],"1":[10,8],"2":[10,8],"3":[10,8],"4":[10,10],"5":[16],"6":[3,1],"7":[3,1],"8":[3,1],"9":[3,1],"10":[2,1],"11":[2,16],"12":[2,16],"13":[2,16],"14":[2,16],"15":[2,16],"16":[1,17],"17":[2,15]},"_coverageSchema":"1a1c01bbd47fc00a2c39e90264f33305004495a9","hash":"ed2f345a1f96d3c4890c30209372f28b80c93a1a"}
,"/Users/angelinabobrynok/Documents/uni/web/adboard-project-all 2/lab5/src/components/auth/LoginForm.jsx": {"path":"/Users/angelinabobrynok/Documents/uni/web/adboard-project-all 2/lab5/src/components/auth/LoginForm.jsx","statementMap":{"0":{"start":{"line":8,"column":23},"end":{"line":8,"column":53}},"1":{"start":{"line":11,"column":36},"end":{"line":11,"column":48}},"2":{"start":{"line":12,"column":36},"end":{"line":12,"column":48}},"3":{"start":{"line":13,"column":32},"end":{"line":13,"column":56}},"4":{"start":{"line":14,"column":34},"end":{"line":14,"column":49}},"5":{"start":{"line":16,"column":22},"end":{"line":16,"column":31}},"6":{"start":{"line":17,"column":19},"end":{"line":17,"column":37}},"7":{"start":{"line":18,"column":21},"end":{"line":18,"column":34}},"8":{"start":{"line":19,"column":21},"end":{"line":19,"column":34}},"9":{"start":{"line":20,"column":17},"end":{"line":20,"column":54}},"10":{"start":{"line":22,"column":25},"end":{"line":27,"column":5}},"11":{"start":{"line":23,"column":28},"end":{"line":23,"column":76}},"12":{"start":{"line":24,"column":28},"end":{"line":24,"column":76}},"13":{"start":{"line":25,"column":8},"end":{"line":25,"column":80}},"14":{"start":{"line":26,"column":8},"end":{"line":26,"column":44}},"15":{"start":{"line":29,"column":25},"end":{"line":40,"column":5}},"16":{"start":{"line":30,"column":8},"end":{"line":30,"column":27}},"17":{"start":{"line":31,"column":8},"end":{"line":31,"column":36}},"18":{"start":{"line":31,"column":29},"end":{"line":31,"column":36}},"19":{"start":{"line":33,"column":8},"end":{"line":33,"column":25}},"20":{"start":{"line":34,"column":8},"end":{"line":39,"column":15}},"21":{"start":{"line":35,"column":24},"end":{"line":35,"column":57}},"22":{"start":{"line":37,"column":16},"end":{"line":37,"column":85}},"23":{"start":{"line":38,"column":16},"end":{"line":38,"column":34}},"24":{"start":{"line":42,"column":4},"end":{"line":101,"column":6}},"25":{"start":{"line":60,"column":45},"end":{"line":60,"column":72}},"26":{"start":{"line":72,"column":45},"end":{"line":72,"column":72}}},"fnMap":{"0":{"name":"LoginForm","decl":{"start":{"line":10,"column":9},"end":{"line":10,"column":18}},"loc":{"start":{"line":10,"column":21},"end":{"line":102,"column":1}},"line":10},"1":{"name":"(anonymous_1)","decl":{"start":{"line":22,"column":25},"end":{"line":22,"column":26}},"loc":{"start":{"line":22,"column":31},"end":{"line":27,"column":5}},"line":22},"2":{"name":"(anonymous_2)","decl":{"start":{"line":29,"column":25},"end":{"line":29,"column":26}},"loc":{"start":{"line":29,"column":32},"end":{"line":40,"column":5}},"line":29},"3":{"name":"(anonymous_3)","decl":{"start":{"line":35,"column":18},"end":{"line":35,"column":19}},"loc":{"start":{"line":35,"column":24},"end":{"line":35,"column":57}},"line":35},"4":{"name":"(anonymous_4)","decl":{"start":{"line":36,"column":19},"end":{"line":36,"column":20}},"loc":{"start":{"line":36,"column":28},"end":{"line":39,"column":13}},"line":36},"5":{"name":"(anonymous_5)","decl":{"start":{"line":60,"column":38},"end":{"line":60,"column":39}},"loc":{"start":{"line":60,"column":45},"end":{"line":60,"column":72}},"line":60},"6":{"name":"(anonymous_6)","decl":{"start":{"line":72,"column":38},"end":{"line":72,"column":39}},"loc":{"start":{"line":72,"column":45},"end":{"line":72,"column":72}},"line":72}},"branchMap":{"0":{"loc":{"start":{"line":20,"column":17},"end":{"line":20,"column":54}},"type":"binary-expr","locations":[{"start":{"line":20,"column":17},"end":{"line":20,"column":47}},{"start":{"line":20,"column":51},"end":{"line":20,"column":54}}],"line":20},"1":{"loc":{"start":{"line":25,"column":30},"end":{"line":25,"column":47}},"type":"binary-expr","locations":[{"start":{"line":25,"column":30},"end":{"line":25,"column":41}},{"start":{"line":25,"column":45},"end":{"line":25,"column":47}}],"line":25},"2":{"loc":{"start":{"line":25,"column":59},"end":{"line":25,"column":76}},"type":"binary-expr","locations":[{"start":{"line":25,"column":59},"end":{"line":25,"column":70}},{"start":{"line":25,"column":74},"end":{"line":25,"column":76}}],"line":25},"3":{"loc":{"start":{"line":26,"column":15},"end":{"line":26,"column":43}},"type":"binary-expr","locations":[{"start":{"line":26,"column":15},"end":{"line":26,"column":27}},{"start":{"line":26,"column":31},"end":{"line":26,"column":43}}],"line":26},"4":{"loc":{"start":{"line":31,"column":8},"end":{"line":31,"column":36}},"type":"if","locations":[{"start":{"line":31,"column":8},"end":{"line":31,"column":36}},{"start":{},"end":{}}],"line":31},"5":{"loc":{"start":{"line":37,"column":29},"end":{"line":37,"column":83}},"type":"binary-expr","locations":[{"start":{"line":37,"column":29},"end":{"line":37,"column":40}},{"start":{"line":37,"column":44},"end":{"line":37,"column":83}}],"line":37},"6":{"loc":{"start":{"line":56,"column":52},"end":{"line":56,"column":101}},"type":"cond-expr","locations":[{"start":{"line":56,"column":70},"end":{"line":56,"column":96}},{"start":{"line":56,"column":99},"end":{"line":56,"column":101}}],"line":56},"7":{"loc":{"start":{"line":68,"column":52},"end":{"line":68,"column":101}},"type":"cond-expr","locations":[{"start":{"line":68,"column":70},"end":{"line":68,"column":96}},{"start":{"line":68,"column":99},"end":{"line":68,"column":101}}],"line":68},"8":{"loc":{"start":{"line":84,"column":25},"end":{"line":84,"column":60}},"type":"cond-expr","locations":[{"start":{"line":84,"column":35},"end":{"line":84,"column":48}},{"start":{"line":84,"column":51},"end":{"line":84,"column":60}}],"line":84}},"s":{"0":2,"1":27,"2":27,"3":27,"4":27,"5":27,"6":27,"7":27,"8":27,"9":27,"10":27,"11":6,"12":6,"13":6,"14":6,"15":27,"16":6,"17":6,"18":3,"19":3,"20":3,"21":1,"22":1,"23":1,"24":27,"25":4,"26":3},"f":{"0":27,"1":6,"2":6,"3":1,"4":1,"5":4,"6":3},"b":{"0":[27,27],"1":[6,4],"2":[6,3],"3":[6,4],"4":[3,3],"5":[1,0],"6":[2,25],"7":[3,24],"8":[3,24]},"_coverageSchema":"1a1c01bbd47fc00a2c39e90264f33305004495a9","hash":"ca0a402db60bdeeb6b10ad0b468943521bb3d69e"}
,"/Users/angelinabobrynok/Documents/uni/web/adboard-project-all 2/lab5/src/components/common/Alert.jsx": {"path":"/Users/angelinabobrynok/Documents/uni/web/adboard-project-all 2/lab5/src/components/common/Alert.jsx","statementMap":{"0":{"start":{"line":1,"column":14},"end":{"line":5,"column":1}},"1":{"start":{"line":8,"column":34},"end":{"line":8,"column":46}},"2":{"start":{"line":10,"column":4},"end":{"line":27,"column":6}},"3":{"start":{"line":22,"column":31},"end":{"line":22,"column":44}}},"fnMap":{"0":{"name":"Alert","decl":{"start":{"line":7,"column":9},"end":{"line":7,"column":14}},"loc":{"start":{"line":7,"column":44},"end":{"line":28,"column":1}},"line":7},"1":{"name":"(anonymous_1)","decl":{"start":{"line":22,"column":25},"end":{"line":22,"column":26}},"loc":{"start":{"line":22,"column":31},"end":{"line":22,"column":44}},"line":22}},"branchMap":{"0":{"loc":{"start":{"line":13,"column":17},"end":{"line":13,"column":35}},"type":"binary-expr","locations":[{"start":{"line":13,"column":17},"end":{"line":13,"column":28}},{"start":{"line":13,"column":32},"end":{"line":13,"column":35}}],"line":13}},"s":{"0":2,"1":12,"2":12,"3":2},"f":{"0":12,"1":2},"b":{"0":[12,0]},"_coverageSchema":"1a1c01bbd47fc00a2c39e90264f33305004495a9","hash":"7428747ce757cecd685e210163213eab6d80425b"}
,"/Users/angelinabobrynok/Documents/uni/web/adboard-project-all 2/lab5/src/components/common/ConfirmDialog.jsx": {"path":"/Users/angelinabobrynok/Documents/uni/web/adboard-project-all 2/lab5/src/components/common/ConfirmDialog.jsx","statementMap":{"0":{"start":{"line":11,"column":4},"end":{"line":11,"column":29}},"1":{"start":{"line":11,"column":17},"end":{"line":11,"column":29}},"2":{"start":{"line":13,"column":4},"end":{"line":40,"column":6}}},"fnMap":{"0":{"name":"ConfirmDialog","decl":{"start":{"line":1,"column":9},"end":{"line":1,"column":22}},"loc":{"start":{"line":10,"column":3},"end":{"line":41,"column":1}},"line":10}},"branchMap":{"0":{"loc":{"start":{"line":5,"column":4},"end":{"line":5,"column":28}},"type":"default-arg","locations":[{"start":{"line":5,"column":19},"end":{"line":5,"column":28}}],"line":5},"1":{"loc":{"start":{"line":6,"column":4},"end":{"line":6,"column":26}},"type":"default-arg","locations":[{"start":{"line":6,"column":18},"end":{"line":6,"column":26}}],"line":6},"2":{"loc":{"start":{"line":9,"column":4},"end":{"line":9,"column":18}},"type":"default-arg","locations":[{"start":{"line":9,"column":13},"end":{"line":9,"column":18}}],"line":9},"3":{"loc":{"start":{"line":11,"column":4},"end":{"line":11,"column":29}},"type":"if","locations":[{"start":{"line":11,"column":4},"end":{"line":11,"column":29}},{"start":{},"end":{}}],"line":11},"4":{"loc":{"start":{"line":32,"column":35},"end":{"line":32,"column":74}},"type":"cond-expr","locations":[{"start":{"line":32,"column":44},"end":{"line":32,"column":57}},{"start":{"line":32,"column":60},"end":{"line":32,"column":74}}],"line":32}},"s":{"0":55,"1":46,"2":9},"f":{"0":55},"b":{"0":[9],"1":[54],"2":[8],"3":[46,9],"4":[1,8]},"_coverageSchema":"1a1c01bbd47fc00a2c39e90264f33305004495a9","hash":"7bf5f2454cf359167a3066644ff5a91f1d22a10f"}
,"/Users/angelinabobrynok/Documents/uni/web/adboard-project-all 2/lab5/src/components/common/EmptyState.jsx": {"path":"/Users/angelinabobrynok/Documents/uni/web/adboard-project-all 2/lab5/src/components/common/EmptyState.jsx","statementMap":{"0":{"start":{"line":10,"column":4},"end":{"line":27,"column":6}}},"fnMap":{"0":{"name":"EmptyState","decl":{"start":{"line":3,"column":9},"end":{"line":3,"column":19}},"loc":{"start":{"line":9,"column":3},"end":{"line":28,"column":1}},"line":9}},"branchMap":{"0":{"loc":{"start":{"line":4,"column":4},"end":{"line":4,"column":15}},"type":"default-arg","locations":[{"start":{"line":4,"column":11},"end":{"line":4,"column":15}}],"line":4},"1":{"loc":{"start":{"line":5,"column":4},"end":{"line":5,"column":30}},"type":"default-arg","locations":[{"start":{"line":5,"column":12},"end":{"line":5,"column":30}}],"line":5},"2":{"loc":{"start":{"line":6,"column":4},"end":{"line":6,"column":20}},"type":"default-arg","locations":[{"start":{"line":6,"column":18},"end":{"line":6,"column":20}}],"line":6},"3":{"loc":{"start":{"line":7,"column":4},"end":{"line":7,"column":22}},"type":"default-arg","locations":[{"start":{"line":7,"column":18},"end":{"line":7,"column":22}}],"line":7},"4":{"loc":{"start":{"line":8,"column":4},"end":{"line":8,"column":19}},"type":"default-arg","locations":[{"start":{"line":8,"column":15},"end":{"line":8,"column":19}}],"line":8},"5":{"loc":{"start":{"line":14,"column":13},"end":{"line":16,"column":13}},"type":"binary-expr","locations":[{"start":{"line":14,"column":13},"end":{"line":14,"column":24}},{"start":{"line":15,"column":16},"end":{"line":15,"column":66}}],"line":14},"6":{"loc":{"start":{"line":17,"column":13},"end":{"line":25,"column":13}},"type":"binary-expr","locations":[{"start":{"line":17,"column":13},"end":{"line":17,"column":24}},{"start":{"line":17,"column":28},"end":{"line":17,"column":36}},{"start":{"line":18,"column":16},"end":{"line":24,"column":23}}],"line":17}},"s":{"0":14},"f":{"0":14},"b":{"0":[6],"1":[0],"2":[8],"3":[6],"4":[6],"5":[14,6],"6":[14,8,8]},"_coverageSchema":"1a1c01bbd47fc00a2c39e90264f33305004495a9","hash":"73ae65d24badde71dfb8a5218ccbc425859626f7"}
,"/Users/angelinabobrynok/Documents/uni/web/adboard-project-all 2/lab5/src/components/common/FormField.jsx": {"path":"/Users/angelinabobrynok/Documents/uni/web/adboard-project-all 2/lab5/src/components/common/FormField.jsx","statementMap":{"0":{"start":{"line":8,"column":4},"end":{"line":23,"column":6}}},"fnMap":{"0":{"name":"FormField","decl":{"start":{"line":1,"column":9},"end":{"line":1,"column":18}},"loc":{"start":{"line":7,"column":3},"end":{"line":24,"column":1}},"line":7}},"branchMap":{"0":{"loc":{"start":{"line":14,"column":13},"end":{"line":18,"column":13}},"type":"binary-expr","locations":[{"start":{"line":14,"column":13},"end":{"line":14,"column":18}},{"start":{"line":15,"column":16},"end":{"line":17,"column":23}}],"line":14},"1":{"loc":{"start":{"line":19,"column":13},"end":{"line":21,"column":13}},"type":"binary-expr","locations":[{"start":{"line":19,"column":13},"end":{"line":19,"column":17}},{"start":{"line":19,"column":21},"end":{"line":19,"column":27}},{"start":{"line":20,"column":16},"end":{"line":20,"column":57}}],"line":19}},"s":{"0":295},"f":{"0":295},"b":{"0":[295,20],"1":[295,68,63]},"_coverageSchema":"1a1c01bbd47fc00a2c39e90264f33305004495a9","hash":"04bb687dd80520b72bb66d7b59841ae232333556"}
,"/Users/angelinabobrynok/Documents/uni/web/adboard-project-all 2/lab5/src/components/common/Loader.jsx": {"path":"/Users/angelinabobrynok/Documents/uni/web/adboard-project-all 2/lab5/src/components/common/Loader.jsx","statementMap":{"0":{"start":{"line":2,"column":4},"end":{"line":7,"column":6}}},"fnMap":{"0":{"name":"Loader","decl":{"start":{"line":1,"column":9},"end":{"line":1,"column":15}},"loc":{"start":{"line":1,"column":18},"end":{"line":8,"column":1}},"line":1}},"branchMap":{},"s":{"0":27},"f":{"0":27},"b":{},"_coverageSchema":"1a1c01bbd47fc00a2c39e90264f33305004495a9","hash":"68f45401045b95a235fbd04f9a8311a2b8e1240a"}
,"/Users/angelinabobrynok/Documents/uni/web/adboard-project-all 2/lab5/src/components/common/NotificationContainer.jsx": {"path":"/Users/angelinabobrynok/Documents/uni/web/adboard-project-all 2/lab5/src/components/common/NotificationContainer.jsx","statementMap":{"0":{"start":{"line":5,"column":39},"end":{"line":5,"column":57}},"1":{"start":{"line":7,"column":4},"end":{"line":13,"column":6}},"2":{"start":{"line":10,"column":16},"end":{"line":10,"column":73}}},"fnMap":{"0":{"name":"NotificationContainer","decl":{"start":{"line":4,"column":9},"end":{"line":4,"column":30}},"loc":{"start":{"line":4,"column":33},"end":{"line":14,"column":1}},"line":4},"1":{"name":"(anonymous_1)","decl":{"start":{"line":9,"column":31},"end":{"line":9,"column":32}},"loc":{"start":{"line":10,"column":16},"end":{"line":10,"column":73}},"line":10}},"branchMap":{},"s":{"0":10,"1":10,"2":4},"f":{"0":10,"1":4},"b":{},"_coverageSchema":"1a1c01bbd47fc00a2c39e90264f33305004495a9","hash":"22ce750fda054a291ca25f6dd7d60c6e3fafa53d"}
,"/Users/angelinabobrynok/Documents/uni/web/adboard-project-all 2/lab5/src/components/layout/Header.jsx": {"path":"/Users/angelinabobrynok/Documents/uni/web/adboard-project-all 2/lab5/src/components/layout/Header.jsx","statementMap":{"0":{"start":{"line":6,"column":29},"end":{"line":6,"column":38}},"1":{"start":{"line":7,"column":21},"end":{"line":7,"column":34}},"2":{"start":{"line":9,"column":25},"end":{"line":12,"column":5}},"3":{"start":{"line":10,"column":8},"end":{"line":10,"column":17}},"4":{"start":{"line":11,"column":8},"end":{"line":11,"column":27}},"5":{"start":{"line":14,"column":4},"end":{"line":51,"column":6}}},"fnMap":{"0":{"name":"Header","decl":{"start":{"line":5,"column":9},"end":{"line":5,"column":15}},"loc":{"start":{"line":5,"column":18},"end":{"line":52,"column":1}},"line":5},"1":{"name":"(anonymous_1)","decl":{"start":{"line":9,"column":25},"end":{"line":9,"column":26}},"loc":{"start":{"line":9,"column":31},"end":{"line":12,"column":5}},"line":9}},"branchMap":{"0":{"loc":{"start":{"line":22,"column":17},"end":{"line":48,"column":17}},"type":"cond-expr","locations":[{"start":{"line":23,"column":20},"end":{"line":45,"column":23}},{"start":{"line":47,"column":20},"end":{"line":47,"column":75}}],"line":22},"1":{"loc":{"start":{"line":27,"column":29},"end":{"line":27,"column":55}},"type":"binary-expr","locations":[{"start":{"line":27,"column":29},"end":{"line":27,"column":42}},{"start":{"line":27,"column":46},"end":{"line":27,"column":55}}],"line":27},"2":{"loc":{"start":{"line":34,"column":29},"end":{"line":36,"column":29}},"type":"binary-expr","locations":[{"start":{"line":34,"column":29},"end":{"line":34,"column":50}},{"start":{"line":35,"column":32},"end":{"line":35,"column":74}}],"line":34}},"s":{"0":15,"1":15,"2":15,"3":1,"4":1,"5":15},"f":{"0":15,"1":1},"b":{"0":[8,7],"1":[8,0],"2":[8,2]},"_coverageSchema":"1a1c01bbd47fc00a2c39e90264f33305004495a9","hash":"31a24dfbb8a8ded944934b9dab090939286ff99e"}
,"/Users/angelinabobrynok/Documents/uni/web/adboard-project-all 2/lab5/src/components/layout/RequireAdmin.jsx": {"path":"/Users/angelinabobrynok/Documents/uni/web/adboard-project-all 2/lab5/src/components/layout/RequireAdmin.jsx","statementMap":{"0":{"start":{"line":5,"column":30},"end":{"line":5,"column":39}},"1":{"start":{"line":7,"column":4},"end":{"line":9,"column":5}},"2":{"start":{"line":8,"column":8},"end":{"line":8,"column":48}},"3":{"start":{"line":11,"column":4},"end":{"line":13,"column":5}},"4":{"start":{"line":12,"column":8},"end":{"line":12,"column":43}},"5":{"start":{"line":15,"column":4},"end":{"line":15,"column":20}}},"fnMap":{"0":{"name":"RequireAdmin","decl":{"start":{"line":4,"column":9},"end":{"line":4,"column":21}},"loc":{"start":{"line":4,"column":36},"end":{"line":16,"column":1}},"line":4}},"branchMap":{"0":{"loc":{"start":{"line":7,"column":4},"end":{"line":9,"column":5}},"type":"if","locations":[{"start":{"line":7,"column":4},"end":{"line":9,"column":5}},{"start":{},"end":{}}],"line":7},"1":{"loc":{"start":{"line":11,"column":4},"end":{"line":13,"column":5}},"type":"if","locations":[{"start":{"line":11,"column":4},"end":{"line":13,"column":5}},{"start":{},"end":{}}],"line":11}},"s":{"0":3,"1":3,"2":1,"3":2,"4":1,"5":1},"f":{"0":3},"b":{"0":[1,2],"1":[1,1]},"_coverageSchema":"1a1c01bbd47fc00a2c39e90264f33305004495a9","hash":"314f66fd2853f4b66c68bc3935fdbc0fa2bb0524"}
,"/Users/angelinabobrynok/Documents/uni/web/adboard-project-all 2/lab5/src/components/layout/RequireAuth.jsx": {"path":"/Users/angelinabobrynok/Documents/uni/web/adboard-project-all 2/lab5/src/components/layout/RequireAuth.jsx","statementMap":{"0":{"start":{"line":5,"column":21},"end":{"line":5,"column":30}},"1":{"start":{"line":6,"column":21},"end":{"line":6,"column":34}},"2":{"start":{"line":8,"column":4},"end":{"line":10,"column":5}},"3":{"start":{"line":9,"column":8},"end":{"line":9,"column":75}},"4":{"start":{"line":12,"column":4},"end":{"line":12,"column":20}}},"fnMap":{"0":{"name":"RequireAuth","decl":{"start":{"line":4,"column":9},"end":{"line":4,"column":20}},"loc":{"start":{"line":4,"column":35},"end":{"line":13,"column":1}},"line":4}},"branchMap":{"0":{"loc":{"start":{"line":8,"column":4},"end":{"line":10,"column":5}},"type":"if","locations":[{"start":{"line":8,"column":4},"end":{"line":10,"column":5}},{"start":{},"end":{}}],"line":8}},"s":{"0":2,"1":2,"2":2,"3":1,"4":1},"f":{"0":2},"b":{"0":[1,1]},"_coverageSchema":"1a1c01bbd47fc00a2c39e90264f33305004495a9","hash":"226cc80f6ad591c9e61cf459d4be8075d56d1646"}
,"/Users/angelinabobrynok/Documents/uni/web/adboard-project-all 2/lab5/src/components/users/UserAvatar.jsx": {"path":"/Users/angelinabobrynok/Documents/uni/web/adboard-project-all 2/lab5/src/components/users/UserAvatar.jsx","statementMap":{"0":{"start":{"line":4,"column":4},"end":{"line":12,"column":6}}},"fnMap":{"0":{"name":"UserAvatar","decl":{"start":{"line":3,"column":9},"end":{"line":3,"column":19}},"loc":{"start":{"line":3,"column":45},"end":{"line":13,"column":1}},"line":3}},"branchMap":{"0":{"loc":{"start":{"line":3,"column":32},"end":{"line":3,"column":41}},"type":"default-arg","locations":[{"start":{"line":3,"column":39},"end":{"line":3,"column":41}}],"line":3}},"s":{"0":25},"f":{"0":25},"b":{"0":[24]},"_coverageSchema":"1a1c01bbd47fc00a2c39e90264f33305004495a9","hash":"68c73528612d5a057ab25ede3e433f87eb823210"}
,"/Users/angelinabobrynok/Documents/uni/web/adboard-project-all 2/lab5/src/components/users/UserForm.jsx": {"path":"/Users/angelinabobrynok/Documents/uni/web/adboard-project-all 2/lab5/src/components/users/UserForm.jsx","statementMap":{"0":{"start":{"line":6,"column":14},"end":{"line":9,"column":1}},"1":{"start":{"line":11,"column":26},"end":{"line":18,"column":2}},"2":{"start":{"line":11,"column":37},"end":{"line":18,"column":1}},"3":{"start":{"line":20,"column":27},"end":{"line":26,"column":2}},"4":{"start":{"line":20,"column":34},"end":{"line":26,"column":1}},"5":{"start":{"line":29,"column":32},"end":{"line":29,"column":75}},"6":{"start":{"line":29,"column":47},"end":{"line":29,"column":74}},"7":{"start":{"line":30,"column":32},"end":{"line":30,"column":60}},"8":{"start":{"line":31,"column":21},"end":{"line":31,"column":34}},"9":{"start":{"line":32,"column":19},"end":{"line":32,"column":36}},"10":{"start":{"line":34,"column":21},"end":{"line":34,"column":94}},"11":{"start":{"line":34,"column":30},"end":{"line":34,"column":94}},"12":{"start":{"line":34,"column":37},"end":{"line":34,"column":94}},"13":{"start":{"line":34,"column":58},"end":{"line":34,"column":92}},"14":{"start":{"line":36,"column":24},"end":{"line":59,"column":5}},"15":{"start":{"line":37,"column":28},"end":{"line":40,"column":10}},"16":{"start":{"line":41,"column":30},"end":{"line":43,"column":56}},"17":{"start":{"line":44,"column":28},"end":{"line":44,"column":77}},"18":{"start":{"line":45,"column":27},"end":{"line":47,"column":18}},"19":{"start":{"line":48,"column":24},"end":{"line":48,"column":75}},"20":{"start":{"line":50,"column":21},"end":{"line":56,"column":9}},"21":{"start":{"line":57,"column":8},"end":{"line":57,"column":24}},"22":{"start":{"line":58,"column":8},"end":{"line":58,"column":50}},"23":{"start":{"line":61,"column":25},"end":{"line":79,"column":5}},"24":{"start":{"line":62,"column":8},"end":{"line":62,"column":27}},"25":{"start":{"line":63,"column":8},"end":{"line":63,"column":35}},"26":{"start":{"line":63,"column":28},"end":{"line":63,"column":35}},"27":{"start":{"line":65,"column":24},"end":{"line":70,"column":9}},"28":{"start":{"line":72,"column":8},"end":{"line":76,"column":9}},"29":{"start":{"line":73,"column":12},"end":{"line":73,"column":47}},"30":{"start":{"line":74,"column":15},"end":{"line":76,"column":9}},"31":{"start":{"line":75,"column":12},"end":{"line":75,"column":49}},"32":{"start":{"line":78,"column":8},"end":{"line":78,"column":26}},"33":{"start":{"line":81,"column":23},"end":{"line":81,"column":66}},"34":{"start":{"line":83,"column":4},"end":{"line":179,"column":6}},"35":{"start":{"line":135,"column":24},"end":{"line":135,"column":80}},"36":{"start":{"line":170,"column":35},"end":{"line":170,"column":55}}},"fnMap":{"0":{"name":"(anonymous_0)","decl":{"start":{"line":11,"column":26},"end":{"line":11,"column":27}},"loc":{"start":{"line":11,"column":37},"end":{"line":18,"column":1}},"line":11},"1":{"name":"(anonymous_1)","decl":{"start":{"line":20,"column":27},"end":{"line":20,"column":28}},"loc":{"start":{"line":20,"column":34},"end":{"line":26,"column":1}},"line":20},"2":{"name":"UserForm","decl":{"start":{"line":28,"column":9},"end":{"line":28,"column":17}},"loc":{"start":{"line":28,"column":58},"end":{"line":180,"column":1}},"line":28},"3":{"name":"(anonymous_3)","decl":{"start":{"line":29,"column":41},"end":{"line":29,"column":42}},"loc":{"start":{"line":29,"column":47},"end":{"line":29,"column":74}},"line":29},"4":{"name":"(anonymous_4)","decl":{"start":{"line":34,"column":21},"end":{"line":34,"column":22}},"loc":{"start":{"line":34,"column":30},"end":{"line":34,"column":94}},"line":34},"5":{"name":"(anonymous_5)","decl":{"start":{"line":34,"column":30},"end":{"line":34,"column":31}},"loc":{"start":{"line":34,"column":37},"end":{"line":34,"column":94}},"line":34},"6":{"name":"(anonymous_6)","decl":{"start":{"line":34,"column":47},"end":{"line":34,"column":48}},"loc":{"start":{"line":34,"column":58},"end":{"line":34,"column":92}},"line":34},"7":{"name":"(anonymous_7)","decl":{"start":{"line":36,"column":24},"end":{"line":36,"column":25}},"loc":{"start":{"line":36,"column":30},"end":{"line":59,"column":5}},"line":36},"8":{"name":"(anonymous_8)","decl":{"start":{"line":61,"column":25},"end":{"line":61,"column":26}},"loc":{"start":{"line":61,"column":32},"end":{"line":79,"column":5}},"line":61},"9":{"name":"(anonymous_9)","decl":{"start":{"line":134,"column":31},"end":{"line":134,"column":32}},"loc":{"start":{"line":135,"column":24},"end":{"line":135,"column":80}},"line":135},"10":{"name":"(anonymous_10)","decl":{"start":{"line":170,"column":29},"end":{"line":170,"column":30}},"loc":{"start":{"line":170,"column":35},"end":{"line":170,"column":55}},"line":170}},"branchMap":{"0":{"loc":{"start":{"line":12,"column":14},"end":{"line":12,"column":34}},"type":"binary-expr","locations":[{"start":{"line":12,"column":14},"end":{"line":12,"column":28}},{"start":{"line":12,"column":32},"end":{"line":12,"column":34}}],"line":12},"1":{"loc":{"start":{"line":15,"column":10},"end":{"line":15,"column":33}},"type":"binary-expr","locations":[{"start":{"line":15,"column":10},"end":{"line":15,"column":20}},{"start":{"line":15,"column":24},"end":{"line":15,"column":33}}],"line":15},"2":{"loc":{"start":{"line":16,"column":14},"end":{"line":16,"column":34}},"type":"binary-expr","locations":[{"start":{"line":16,"column":14},"end":{"line":16,"column":28}},{"start":{"line":16,"column":32},"end":{"line":16,"column":34}}],"line":16},"3":{"loc":{"start":{"line":17,"column":11},"end":{"line":17,"column":28}},"type":"binary-expr","locations":[{"start":{"line":17,"column":11},"end":{"line":17,"column":22}},{"start":{"line":17,"column":26},"end":{"line":17,"column":28}}],"line":17},"4":{"loc":{"start":{"line":28,"column":20},"end":{"line":28,"column":35}},"type":"default-arg","locations":[{"start":{"line":28,"column":31},"end":{"line":28,"column":35}}],"line":28},"5":{"loc":{"start":{"line":41,"column":30},"end":{"line":43,"column":56}},"type":"cond-expr","locations":[{"start":{"line":42,"column":15},"end":{"line":42,"column":61}},{"start":{"line":43,"column":14},"end":{"line":43,"column":56}}],"line":41},"6":{"loc":{"start":{"line":42,"column":15},"end":{"line":42,"column":61}},"type":"cond-expr","locations":[{"start":{"line":42,"column":33},"end":{"line":42,"column":56}},{"start":{"line":42,"column":59},"end":{"line":42,"column":61}}],"line":42},"7":{"loc":{"start":{"line":45,"column":27},"end":{"line":47,"column":18}},"type":"cond-expr","locations":[{"start":{"line":46,"column":14},"end":{"line":46,"column":90}},{"start":{"line":47,"column":14},"end":{"line":47,"column":18}}],"line":45},"8":{"loc":{"start":{"line":51,"column":22},"end":{"line":51,"column":39}},"type":"binary-expr","locations":[{"start":{"line":51,"column":22},"end":{"line":51,"column":33}},{"start":{"line":51,"column":37},"end":{"line":51,"column":39}}],"line":51},"9":{"loc":{"start":{"line":52,"column":22},"end":{"line":52,"column":39}},"type":"binary-expr","locations":[{"start":{"line":52,"column":22},"end":{"line":52,"column":33}},{"start":{"line":52,"column":37},"end":{"line":52,"column":39}}],"line":52},"10":{"loc":{"start":{"line":53,"column":21},"end":{"line":53,"column":37}},"type":"binary-expr","locations":[{"start":{"line":53,"column":21},"end":{"line":53,"column":31}},{"start":{"line":53,"column":35},"end":{"line":53,"column":37}}],"line":53},"11":{"loc":{"start":{"line":54,"column":18},"end":{"line":54,"column":31}},"type":"binary-expr","locations":[{"start":{"line":54,"column":18},"end":{"line":54,"column":25}},{"start":{"line":54,"column":29},"end":{"line":54,"column":31}}],"line":54},"12":{"loc":{"start":{"line":63,"column":8},"end":{"line":63,"column":35}},"type":"if","locations":[{"start":{"line":63,"column":8},"end":{"line":63,"column":35}},{"start":{},"end":{}}],"line":63},"13":{"loc":{"start":{"line":72,"column":8},"end":{"line":76,"column":9}},"type":"if","locations":[{"start":{"line":72,"column":8},"end":{"line":76,"column":9}},{"start":{"line":74,"column":15},"end":{"line":76,"column":9}}],"line":72},"14":{"loc":{"start":{"line":74,"column":15},"end":{"line":76,"column":9}},"type":"if","locations":[{"start":{"line":74,"column":15},"end":{"line":76,"column":9}},{"start":{},"end":{}}],"line":74},"15":{"loc":{"start":{"line":74,"column":19},"end":{"line":74,"column":37}},"type":"binary-expr","locations":[{"start":{"line":74,"column":19},"end":{"line":74,"column":25}},{"start":{"line":74,"column":29},"end":{"line":74,"column":37}}],"line":74},"16":{"loc":{"start":{"line":81,"column":23},"end":{"line":81,"column":66}},"type":"cond-expr","locations":[{"start":{"line":81,"column":32},"end":{"line":81,"column":55}},{"start":{"line":81,"column":58},"end":{"line":81,"column":66}}],"line":81},"17":{"loc":{"start":{"line":87,"column":44},"end":{"line":87,"column":93}},"type":"cond-expr","locations":[{"start":{"line":87,"column":62},"end":{"line":87,"column":88}},{"start":{"line":87,"column":91},"end":{"line":87,"column":93}}],"line":87},"18":{"loc":{"start":{"line":99,"column":23},"end":{"line":99,"column":81}},"type":"cond-expr","locations":[{"start":{"line":99,"column":32},"end":{"line":99,"column":68}},{"start":{"line":99,"column":71},"end":{"line":99,"column":81}}],"line":99},"19":{"loc":{"start":{"line":104,"column":44},"end":{"line":104,"column":93}},"type":"cond-expr","locations":[{"start":{"line":104,"column":62},"end":{"line":104,"column":88}},{"start":{"line":104,"column":91},"end":{"line":104,"column":93}}],"line":104},"20":{"loc":{"start":{"line":109,"column":33},"end":{"line":109,"column":92}},"type":"cond-expr","locations":[{"start":{"line":109,"column":42},"end":{"line":109,"column":71}},{"start":{"line":109,"column":74},"end":{"line":109,"column":92}}],"line":109},"21":{"loc":{"start":{"line":116,"column":44},"end":{"line":116,"column":92}},"type":"cond-expr","locations":[{"start":{"line":116,"column":61},"end":{"line":116,"column":87}},{"start":{"line":116,"column":90},"end":{"line":116,"column":92}}],"line":116},"22":{"loc":{"start":{"line":128,"column":45},"end":{"line":128,"column":90}},"type":"cond-expr","locations":[{"start":{"line":128,"column":59},"end":{"line":128,"column":85}},{"start":{"line":128,"column":88},"end":{"line":128,"column":90}}],"line":128},"23":{"loc":{"start":{"line":175,"column":21},"end":{"line":175,"column":84}},"type":"cond-expr","locations":[{"start":{"line":175,"column":31},"end":{"line":175,"column":40}},{"start":{"line":175,"column":44},"end":{"line":175,"column":83}}],"line":175},"24":{"loc":{"start":{"line":175,"column":44},"end":{"line":175,"column":83}},"type":"cond-expr","locations":[{"start":{"line":175,"column":53},"end":{"line":175,"column":67}},{"start":{"line":175,"column":70},"end":{"line":175,"column":83}}],"line":175}},"s":{"0":1,"1":1,"2":9,"3":1,"4":9,"5":24,"6":9,"7":24,"8":24,"9":24,"10":24,"11":144,"12":11,"13":11,"14":24,"15":4,"16":4,"17":4,"18":4,"19":4,"20":4,"21":4,"22":4,"23":24,"24":4,"25":4,"26":3,"27":1,"28":1,"29":1,"30":0,"31":0,"32":1,"33":24,"34":24,"35":48,"36":0},"f":{"0":9,"1":9,"2":24,"3":9,"4":144,"5":11,"6":11,"7":4,"8":4,"9":48,"10":0},"b":{"0":[9,7],"1":[9,7],"2":[9,7],"3":[9,7],"4":[22],"5":[0,4],"6":[0,0],"7":[3,1],"8":[4,3],"9":[4,2],"10":[4,2],"11":[4,4],"12":[3,1],"13":[1,0],"14":[0,0],"15":[0,0],"16":[2,22],"17":[1,23],"18":[2,22],"19":[2,22],"20":[2,22],"21":[2,22],"22":[0,24],"23":[1,23],"24":[2,21]},"_coverageSchema":"1a1c01bbd47fc00a2c39e90264f33305004495a9","hash":"e66bd5c2941c8c4b62f0e73e58fccd74aec43a6d"}
,"/Users/angelinabobrynok/Documents/uni/web/adboard-project-all 2/lab5/src/components/users/UserRoleBadge.jsx": {"path":"/Users/angelinabobrynok/Documents/uni/web/adboard-project-all 2/lab5/src/components/users/UserRoleBadge.jsx","statementMap":{"0":{"start":{"line":2,"column":4},"end":{"line":4,"column":5}},"1":{"start":{"line":3,"column":8},"end":{"line":3,"column":58}},"2":{"start":{"line":5,"column":4},"end":{"line":5,"column":55}}},"fnMap":{"0":{"name":"UserRoleBadge","decl":{"start":{"line":1,"column":9},"end":{"line":1,"column":22}},"loc":{"start":{"line":1,"column":33},"end":{"line":6,"column":1}},"line":1}},"branchMap":{"0":{"loc":{"start":{"line":2,"column":4},"end":{"line":4,"column":5}},"type":"if","locations":[{"start":{"line":2,"column":4},"end":{"line":4,"column":5}},{"start":{},"end":{}}],"line":2}},"s":{"0":25,"1":10,"2":15},"f":{"0":25},"b":{"0":[10,15]},"_coverageSchema":"1a1c01bbd47fc00a2c39e90264f33305004495a9","hash":"d7df5ceb24a928b91fb8e51081eb19d0c4cd95b6"}
,"/Users/angelinabobrynok/Documents/uni/web/adboard-project-all 2/lab5/src/components/users/UserTableRow.jsx": {"path":"/Users/angelinabobrynok/Documents/uni/web/adboard-project-all 2/lab5/src/components/users/UserTableRow.jsx","statementMap":{"0":{"start":{"line":7,"column":21},"end":{"line":7,"column":34}},"1":{"start":{"line":9,"column":4},"end":{"line":56,"column":6}},"2":{"start":{"line":33,"column":39},"end":{"line":33,"column":68}},"3":{"start":{"line":41,"column":39},"end":{"line":41,"column":73}},"4":{"start":{"line":49,"column":39},"end":{"line":49,"column":53}}},"fnMap":{"0":{"name":"UserTableRow","decl":{"start":{"line":6,"column":9},"end":{"line":6,"column":21}},"loc":{"start":{"line":6,"column":42},"end":{"line":57,"column":1}},"line":6},"1":{"name":"(anonymous_1)","decl":{"start":{"line":33,"column":33},"end":{"line":33,"column":34}},"loc":{"start":{"line":33,"column":39},"end":{"line":33,"column":68}},"line":33},"2":{"name":"(anonymous_2)","decl":{"start":{"line":41,"column":33},"end":{"line":41,"column":34}},"loc":{"start":{"line":41,"column":39},"end":{"line":41,"column":73}},"line":41},"3":{"name":"(anonymous_3)","decl":{"start":{"line":49,"column":33},"end":{"line":49,"column":34}},"loc":{"start":{"line":49,"column":39},"end":{"line":49,"column":53}},"line":49}},"branchMap":{"0":{"loc":{"start":{"line":16,"column":57},"end":{"line":16,"column":74}},"type":"binary-expr","locations":[{"start":{"line":16,"column":57},"end":{"line":16,"column":67}},{"start":{"line":16,"column":71},"end":{"line":16,"column":74}}],"line":16},"1":{"loc":{"start":{"line":21,"column":17},"end":{"line":21,"column":37}},"type":"binary-expr","locations":[{"start":{"line":21,"column":17},"end":{"line":21,"column":30}},{"start":{"line":21,"column":34},"end":{"line":21,"column":37}}],"line":21}},"s":{"0":21,"1":21,"2":0,"3":0,"4":1},"f":{"0":21,"1":0,"2":0,"3":1},"b":{"0":[21,0],"1":[21,0]},"_coverageSchema":"1a1c01bbd47fc00a2c39e90264f33305004495a9","hash":"017613e259492f3f0ba3f49315faf9565d0a8947"}
,"/Users/angelinabobrynok/Documents/uni/web/adboard-project-all 2/lab5/src/hooks/useAuth.jsx": {"path":"/Users/angelinabobrynok/Documents/uni/web/adboard-project-all 2/lab5/src/hooks/useAuth.jsx","statementMap":{"0":{"start":{"line":10,"column":17},"end":{"line":10,"column":31}},"1":{"start":{"line":12,"column":23},"end":{"line":19,"column":1}},"2":{"start":{"line":13,"column":4},"end":{"line":18,"column":5}},"3":{"start":{"line":14,"column":20},"end":{"line":14,"column":52}},"4":{"start":{"line":15,"column":8},"end":{"line":15,"column":44}},"5":{"start":{"line":17,"column":8},"end":{"line":17,"column":20}},"6":{"start":{"line":21,"column":20},"end":{"line":21,"column":39}},"7":{"start":{"line":24,"column":28},"end":{"line":24,"column":52}},"8":{"start":{"line":26,"column":18},"end":{"line":32,"column":15}},"9":{"start":{"line":26,"column":54},"end":{"line":32,"column":10}},"10":{"start":{"line":29,"column":12},"end":{"line":29,"column":76}},"11":{"start":{"line":30,"column":12},"end":{"line":30,"column":35}},"12":{"start":{"line":31,"column":12},"end":{"line":31,"column":33}},"13":{"start":{"line":34,"column":19},"end":{"line":37,"column":10}},"14":{"start":{"line":35,"column":8},"end":{"line":35,"column":44}},"15":{"start":{"line":36,"column":8},"end":{"line":36,"column":22}},"16":{"start":{"line":39,"column":20},"end":{"line":39,"column":42}},"17":{"start":{"line":41,"column":18},"end":{"line":46,"column":39}},"18":{"start":{"line":41,"column":33},"end":{"line":46,"column":5}},"19":{"start":{"line":48,"column":4},"end":{"line":52,"column":6}},"20":{"start":{"line":55,"column":23},"end":{"line":55,"column":52}},"21":{"start":{"line":55,"column":29},"end":{"line":55,"column":52}}},"fnMap":{"0":{"name":"(anonymous_0)","decl":{"start":{"line":12,"column":23},"end":{"line":12,"column":24}},"loc":{"start":{"line":12,"column":29},"end":{"line":19,"column":1}},"line":12},"1":{"name":"AuthProvider","decl":{"start":{"line":23,"column":16},"end":{"line":23,"column":28}},"loc":{"start":{"line":23,"column":43},"end":{"line":53,"column":1}},"line":23},"2":{"name":"(anonymous_2)","decl":{"start":{"line":26,"column":30},"end":{"line":26,"column":31}},"loc":{"start":{"line":26,"column":54},"end":{"line":32,"column":10}},"line":26},"3":{"name":"(anonymous_3)","decl":{"start":{"line":28,"column":14},"end":{"line":28,"column":15}},"loc":{"start":{"line":28,"column":33},"end":{"line":32,"column":9}},"line":28},"4":{"name":"(anonymous_4)","decl":{"start":{"line":34,"column":31},"end":{"line":34,"column":32}},"loc":{"start":{"line":34,"column":37},"end":{"line":37,"column":5}},"line":34},"5":{"name":"(anonymous_5)","decl":{"start":{"line":41,"column":26},"end":{"line":41,"column":27}},"loc":{"start":{"line":41,"column":33},"end":{"line":46,"column":5}},"line":41},"6":{"name":"(anonymous_6)","decl":{"start":{"line":55,"column":23},"end":{"line":55,"column":24}},"loc":{"start":{"line":55,"column":29},"end":{"line":55,"column":52}},"line":55}},"branchMap":{"0":{"loc":{"start":{"line":15,"column":15},"end":{"line":15,"column":43}},"type":"cond-expr","locations":[{"start":{"line":15,"column":21},"end":{"line":15,"column":36}},{"start":{"line":15,"column":39},"end":{"line":15,"column":43}}],"line":15}},"s":{"0":7,"1":7,"2":8,"3":8,"4":8,"5":1,"6":7,"7":12,"8":12,"9":4,"10":3,"11":3,"12":3,"13":12,"14":1,"15":1,"16":12,"17":12,"18":12,"19":12,"20":7,"21":12},"f":{"0":8,"1":12,"2":4,"3":3,"4":1,"5":12,"6":12},"b":{"0":[2,6]},"_coverageSchema":"1a1c01bbd47fc00a2c39e90264f33305004495a9","hash":"c0f35dd6b04f773eb6bfd60de925afedb4ecb88d"}
,"/Users/angelinabobrynok/Documents/uni/web/adboard-project-all 2/lab5/src/hooks/useDebounce.js": {"path":"/Users/angelinabobrynok/Documents/uni/web/adboard-project-all 2/lab5/src/hooks/useDebounce.js","statementMap":{"0":{"start":{"line":3,"column":20},"end":{"line":12,"column":1}},"1":{"start":{"line":4,"column":38},"end":{"line":4,"column":53}},"2":{"start":{"line":6,"column":4},"end":{"line":9,"column":23}},"3":{"start":{"line":7,"column":22},"end":{"line":7,"column":66}},"4":{"start":{"line":7,"column":39},"end":{"line":7,"column":58}},"5":{"start":{"line":8,"column":8},"end":{"line":8,"column":41}},"6":{"start":{"line":8,"column":21},"end":{"line":8,"column":40}},"7":{"start":{"line":11,"column":4},"end":{"line":11,"column":21}}},"fnMap":{"0":{"name":"(anonymous_0)","decl":{"start":{"line":3,"column":20},"end":{"line":3,"column":21}},"loc":{"start":{"line":3,"column":44},"end":{"line":12,"column":1}},"line":3},"1":{"name":"(anonymous_1)","decl":{"start":{"line":6,"column":14},"end":{"line":6,"column":15}},"loc":{"start":{"line":6,"column":20},"end":{"line":9,"column":5}},"line":6},"2":{"name":"(anonymous_2)","decl":{"start":{"line":7,"column":33},"end":{"line":7,"column":34}},"loc":{"start":{"line":7,"column":39},"end":{"line":7,"column":58}},"line":7},"3":{"name":"(anonymous_3)","decl":{"start":{"line":8,"column":15},"end":{"line":8,"column":16}},"loc":{"start":{"line":8,"column":21},"end":{"line":8,"column":40}},"line":8}},"branchMap":{"0":{"loc":{"start":{"line":3,"column":28},"end":{"line":3,"column":39}},"type":"default-arg","locations":[{"start":{"line":3,"column":36},"end":{"line":3,"column":39}}],"line":3}},"s":{"0":2,"1":38,"2":38,"3":23,"4":3,"5":23,"6":23,"7":38},"f":{"0":38,"1":23,"2":3,"3":23},"b":{"0":[3]},"_coverageSchema":"1a1c01bbd47fc00a2c39e90264f33305004495a9","hash":"dfa42806b02b28254f8b637ad791bc0ce34108b9"}
,"/Users/angelinabobrynok/Documents/uni/web/adboard-project-all 2/lab5/src/hooks/useFetch.js": {"path":"/Users/angelinabobrynok/Documents/uni/web/adboard-project-all 2/lab5/src/hooks/useFetch.js","statementMap":{"0":{"start":{"line":3,"column":17},"end":{"line":22,"column":1}},"1":{"start":{"line":4,"column":28},"end":{"line":4,"column":42}},"2":{"start":{"line":5,"column":34},"end":{"line":5,"column":48}},"3":{"start":{"line":6,"column":30},"end":{"line":6,"column":44}},"4":{"start":{"line":8,"column":20},"end":{"line":15,"column":12}},"5":{"start":{"line":9,"column":8},"end":{"line":9,"column":25}},"6":{"start":{"line":10,"column":8},"end":{"line":10,"column":23}},"7":{"start":{"line":11,"column":8},"end":{"line":14,"column":46}},"8":{"start":{"line":13,"column":28},"end":{"line":13,"column":68}},"9":{"start":{"line":14,"column":27},"end":{"line":14,"column":44}},"10":{"start":{"line":17,"column":4},"end":{"line":19,"column":18}},"11":{"start":{"line":18,"column":8},"end":{"line":18,"column":18}},"12":{"start":{"line":21,"column":4},"end":{"line":21,"column":45}}},"fnMap":{"0":{"name":"(anonymous_0)","decl":{"start":{"line":3,"column":17},"end":{"line":3,"column":18}},"loc":{"start":{"line":3,"column":41},"end":{"line":22,"column":1}},"line":3},"1":{"name":"(anonymous_1)","decl":{"start":{"line":8,"column":32},"end":{"line":8,"column":33}},"loc":{"start":{"line":8,"column":38},"end":{"line":15,"column":5}},"line":8},"2":{"name":"(anonymous_2)","decl":{"start":{"line":13,"column":19},"end":{"line":13,"column":20}},"loc":{"start":{"line":13,"column":28},"end":{"line":13,"column":68}},"line":13},"3":{"name":"(anonymous_3)","decl":{"start":{"line":14,"column":21},"end":{"line":14,"column":22}},"loc":{"start":{"line":14,"column":27},"end":{"line":14,"column":44}},"line":14},"4":{"name":"(anonymous_4)","decl":{"start":{"line":17,"column":14},"end":{"line":17,"column":15}},"loc":{"start":{"line":17,"column":20},"end":{"line":19,"column":5}},"line":17}},"branchMap":{"0":{"loc":{"start":{"line":3,"column":27},"end":{"line":3,"column":36}},"type":"default-arg","locations":[{"start":{"line":3,"column":34},"end":{"line":3,"column":36}}],"line":3},"1":{"loc":{"start":{"line":13,"column":37},"end":{"line":13,"column":67}},"type":"binary-expr","locations":[{"start":{"line":13,"column":37},"end":{"line":13,"column":48}},{"start":{"line":13,"column":52},"end":{"line":13,"column":67}}],"line":13}},"s":{"0":1,"1":12,"2":12,"3":12,"4":12,"5":7,"6":7,"7":7,"8":2,"9":6,"10":12,"11":6,"12":12},"f":{"0":12,"1":7,"2":2,"3":6,"4":6},"b":{"0":[12],"1":[2,1]},"_coverageSchema":"1a1c01bbd47fc00a2c39e90264f33305004495a9","hash":"83fe3ad041d7722dff9197f9965f5a435b59ebe1"}
,"/Users/angelinabobrynok/Documents/uni/web/adboard-project-all 2/lab5/src/hooks/useNotify.js": {"path":"/Users/angelinabobrynok/Documents/uni/web/adboard-project-all 2/lab5/src/hooks/useNotify.js","statementMap":{"0":{"start":{"line":7,"column":16},"end":{"line":7,"column":17}},"1":{"start":{"line":9,"column":18},"end":{"line":37,"column":1}},"2":{"start":{"line":10,"column":46},"end":{"line":10,"column":58}},"3":{"start":{"line":11,"column":19},"end":{"line":11,"column":29}},"4":{"start":{"line":13,"column":20},"end":{"line":17,"column":10}},"5":{"start":{"line":14,"column":8},"end":{"line":14,"column":68}},"6":{"start":{"line":14,"column":35},"end":{"line":14,"column":66}},"7":{"start":{"line":14,"column":54},"end":{"line":14,"column":65}},"8":{"start":{"line":15,"column":8},"end":{"line":15,"column":41}},"9":{"start":{"line":16,"column":8},"end":{"line":16,"column":34}},"10":{"start":{"line":19,"column":17},"end":{"line":24,"column":17}},"11":{"start":{"line":20,"column":8},"end":{"line":20,"column":23}},"12":{"start":{"line":21,"column":19},"end":{"line":21,"column":28}},"13":{"start":{"line":22,"column":8},"end":{"line":22,"column":69}},"14":{"start":{"line":22,"column":35},"end":{"line":22,"column":67}},"15":{"start":{"line":23,"column":8},"end":{"line":23,"column":65}},"16":{"start":{"line":23,"column":46},"end":{"line":23,"column":57}},"17":{"start":{"line":26,"column":20},"end":{"line":26,"column":70}},"18":{"start":{"line":26,"column":41},"end":{"line":26,"column":61}},"19":{"start":{"line":27,"column":18},"end":{"line":27,"column":66}},"20":{"start":{"line":27,"column":39},"end":{"line":27,"column":57}},"21":{"start":{"line":28,"column":20},"end":{"line":28,"column":70}},"22":{"start":{"line":28,"column":41},"end":{"line":28,"column":61}},"23":{"start":{"line":30,"column":4},"end":{"line":36,"column":6}}},"fnMap":{"0":{"name":"(anonymous_0)","decl":{"start":{"line":9,"column":18},"end":{"line":9,"column":19}},"loc":{"start":{"line":9,"column":24},"end":{"line":37,"column":1}},"line":9},"1":{"name":"(anonymous_1)","decl":{"start":{"line":13,"column":32},"end":{"line":13,"column":33}},"loc":{"start":{"line":13,"column":40},"end":{"line":17,"column":5}},"line":13},"2":{"name":"(anonymous_2)","decl":{"start":{"line":14,"column":25},"end":{"line":14,"column":26}},"loc":{"start":{"line":14,"column":35},"end":{"line":14,"column":66}},"line":14},"3":{"name":"(anonymous_3)","decl":{"start":{"line":14,"column":47},"end":{"line":14,"column":48}},"loc":{"start":{"line":14,"column":54},"end":{"line":14,"column":65}},"line":14},"4":{"name":"(anonymous_4)","decl":{"start":{"line":19,"column":29},"end":{"line":19,"column":30}},"loc":{"start":{"line":19,"column":60},"end":{"line":24,"column":5}},"line":19},"5":{"name":"(anonymous_5)","decl":{"start":{"line":22,"column":25},"end":{"line":22,"column":26}},"loc":{"start":{"line":22,"column":35},"end":{"line":22,"column":67}},"line":22},"6":{"name":"(anonymous_6)","decl":{"start":{"line":23,"column":40},"end":{"line":23,"column":41}},"loc":{"start":{"line":23,"column":46},"end":{"line":23,"column":57}},"line":23},"7":{"name":"(anonymous_7)","decl":{"start":{"line":26,"column":32},"end":{"line":26,"column":33}},"loc":{"start":{"line":26,"column":41},"end":{"line":26,"column":61}},"line":26},"8":{"name":"(anonymous_8)","decl":{"start":{"line":27,"column":30},"end":{"line":27,"column":31}},"loc":{"start":{"line":27,"column":39},"end":{"line":27,"column":57}},"line":27},"9":{"name":"(anonymous_9)","decl":{"start":{"line":28,"column":32},"end":{"line":28,"column":33}},"loc":{"start":{"line":28,"column":41},"end":{"line":28,"column":61}},"line":28}},"branchMap":{"0":{"loc":{"start":{"line":19,"column":39},"end":{"line":19,"column":55}},"type":"default-arg","locations":[{"start":{"line":19,"column":46},"end":{"line":19,"column":55}}],"line":19}},"s":{"0":5,"1":5,"2":23,"3":23,"4":23,"5":2,"6":2,"7":2,"8":2,"9":2,"10":23,"11":10,"12":10,"13":10,"14":10,"15":10,"16":1,"17":23,"18":7,"19":23,"20":2,"21":23,"22":1,"23":23},"f":{"0":23,"1":2,"2":2,"3":2,"4":10,"5":10,"6":1,"7":7,"8":2,"9":1},"b":{"0":[0]},"_coverageSchema":"1a1c01bbd47fc00a2c39e90264f33305004495a9","hash":"b50e08b2027a4a6dc6ba98eb007640506eaadc49"}
,"/Users/angelinabobrynok/Documents/uni/web/adboard-project-all 2/lab5/src/hooks/useNotifyContext.jsx": {"path":"/Users/angelinabobrynok/Documents/uni/web/adboard-project-all 2/lab5/src/hooks/useNotifyContext.jsx","statementMap":{"0":{"start":{"line":8,"column":22},"end":{"line":8,"column":41}},"1":{"start":{"line":11,"column":19},"end":{"line":11,"column":30}},"2":{"start":{"line":13,"column":18},"end":{"line":13,"column":49}},"3":{"start":{"line":13,"column":32},"end":{"line":13,"column":38}},"4":{"start":{"line":15,"column":4},"end":{"line":19,"column":6}},"5":{"start":{"line":22,"column":32},"end":{"line":22,"column":63}},"6":{"start":{"line":22,"column":38},"end":{"line":22,"column":63}}},"fnMap":{"0":{"name":"NotifyProvider","decl":{"start":{"line":10,"column":16},"end":{"line":10,"column":30}},"loc":{"start":{"line":10,"column":45},"end":{"line":20,"column":1}},"line":10},"1":{"name":"(anonymous_1)","decl":{"start":{"line":13,"column":26},"end":{"line":13,"column":27}},"loc":{"start":{"line":13,"column":32},"end":{"line":13,"column":38}},"line":13},"2":{"name":"(anonymous_2)","decl":{"start":{"line":22,"column":32},"end":{"line":22,"column":33}},"loc":{"start":{"line":22,"column":38},"end":{"line":22,"column":63}},"line":22}},"branchMap":{},"s":{"0":4,"1":6,"2":6,"3":6,"4":6,"5":4,"6":5},"f":{"0":6,"1":6,"2":5},"b":{},"_coverageSchema":"1a1c01bbd47fc00a2c39e90264f33305004495a9","hash":"cd1e076f6b9c9597fb8d7383f3a5ccfe8c21ea8e"}
,"/Users/angelinabobrynok/Documents/uni/web/adboard-project-all 2/lab5/src/pages/AnnouncementsPage.jsx": {"path":"/Users/angelinabobrynok/Documents/uni/web/adboard-project-all 2/lab5/src/pages/AnnouncementsPage.jsx","statementMap":{"0":{"start":{"line":12,"column":22},"end":{"line":17,"column":1}},"1":{"start":{"line":19,"column":19},"end":{"line":27,"column":1}},"2":{"start":{"line":29,"column":26},"end":{"line":39,"column":1}},"3":{"start":{"line":30,"column":14},"end":{"line":30,"column":34}},"4":{"start":{"line":31,"column":4},"end":{"line":38,"column":7}},"5":{"start":{"line":32,"column":30},"end":{"line":35,"column":53}},"6":{"start":{"line":36,"column":32},"end":{"line":36,"column":68}},"7":{"start":{"line":37,"column":8},"end":{"line":37,"column":48}},"8":{"start":{"line":42,"column":21},"end":{"line":42,"column":30}},"9":{"start":{"line":43,"column":19},"end":{"line":43,"column":37}},"10":{"start":{"line":44,"column":46},"end":{"line":44,"column":58}},"11":{"start":{"line":45,"column":34},"end":{"line":45,"column":48}},"12":{"start":{"line":46,"column":32},"end":{"line":46,"column":44}},"13":{"start":{"line":47,"column":36},"end":{"line":47,"column":48}},"14":{"start":{"line":48,"column":36},"end":{"line":48,"column":50}},"15":{"start":{"line":49,"column":28},"end":{"line":49,"column":52}},"16":{"start":{"line":51,"column":31},"end":{"line":65,"column":30}},"17":{"start":{"line":52,"column":8},"end":{"line":52,"column":25}},"18":{"start":{"line":53,"column":23},"end":{"line":53,"column":61}},"19":{"start":{"line":54,"column":8},"end":{"line":54,"column":62}},"20":{"start":{"line":54,"column":33},"end":{"line":54,"column":62}},"21":{"start":{"line":55,"column":8},"end":{"line":58,"column":9}},"22":{"start":{"line":56,"column":12},"end":{"line":56,"column":40}},"23":{"start":{"line":57,"column":12},"end":{"line":57,"column":54}},"24":{"start":{"line":57,"column":22},"end":{"line":57,"column":54}},"25":{"start":{"line":59,"column":8},"end":{"line":59,"column":63}},"26":{"start":{"line":59,"column":37},"end":{"line":59,"column":63}},"27":{"start":{"line":61,"column":8},"end":{"line":64,"column":46}},"28":{"start":{"line":63,"column":25},"end":{"line":63,"column":70}},"29":{"start":{"line":64,"column":27},"end":{"line":64,"column":44}},"30":{"start":{"line":67,"column":4},"end":{"line":67,"column":69}},"31":{"start":{"line":67,"column":22},"end":{"line":67,"column":43}},"32":{"start":{"line":69,"column":32},"end":{"line":77,"column":5}},"33":{"start":{"line":70,"column":8},"end":{"line":76,"column":84}},"34":{"start":{"line":72,"column":16},"end":{"line":72,"column":85}},"35":{"start":{"line":72,"column":43},"end":{"line":72,"column":83}},"36":{"start":{"line":72,"column":62},"end":{"line":72,"column":82}},"37":{"start":{"line":73,"column":16},"end":{"line":73,"column":56}},"38":{"start":{"line":74,"column":16},"end":{"line":74,"column":34}},"39":{"start":{"line":76,"column":27},"end":{"line":76,"column":61}},"40":{"start":{"line":76,"column":62},"end":{"line":76,"column":80}},"41":{"start":{"line":79,"column":21},"end":{"line":79,"column":80}},"42":{"start":{"line":81,"column":4},"end":{"line":160,"column":6}},"43":{"start":{"line":100,"column":37},"end":{"line":100,"column":62}},"44":{"start":{"line":107,"column":37},"end":{"line":107,"column":64}},"45":{"start":{"line":111,"column":24},"end":{"line":111,"column":80}},"46":{"start":{"line":144,"column":28},"end":{"line":144,"column":103}},"47":{"start":{"line":156,"column":32},"end":{"line":156,"column":49}}},"fnMap":{"0":{"name":"(anonymous_0)","decl":{"start":{"line":29,"column":26},"end":{"line":29,"column":27}},"loc":{"start":{"line":29,"column":63},"end":{"line":39,"column":1}},"line":29},"1":{"name":"(anonymous_1)","decl":{"start":{"line":31,"column":32},"end":{"line":31,"column":33}},"loc":{"start":{"line":31,"column":39},"end":{"line":38,"column":5}},"line":31},"2":{"name":"AnnouncementsPage","decl":{"start":{"line":41,"column":9},"end":{"line":41,"column":26}},"loc":{"start":{"line":41,"column":47},"end":{"line":161,"column":1}},"line":41},"3":{"name":"(anonymous_3)","decl":{"start":{"line":51,"column":43},"end":{"line":51,"column":44}},"loc":{"start":{"line":51,"column":49},"end":{"line":65,"column":5}},"line":51},"4":{"name":"(anonymous_4)","decl":{"start":{"line":63,"column":19},"end":{"line":63,"column":20}},"loc":{"start":{"line":63,"column":25},"end":{"line":63,"column":70}},"line":63},"5":{"name":"(anonymous_5)","decl":{"start":{"line":64,"column":21},"end":{"line":64,"column":22}},"loc":{"start":{"line":64,"column":27},"end":{"line":64,"column":44}},"line":64},"6":{"name":"(anonymous_6)","decl":{"start":{"line":67,"column":14},"end":{"line":67,"column":15}},"loc":{"start":{"line":67,"column":20},"end":{"line":67,"column":45}},"line":67},"7":{"name":"(anonymous_7)","decl":{"start":{"line":69,"column":32},"end":{"line":69,"column":33}},"loc":{"start":{"line":69,"column":38},"end":{"line":77,"column":5}},"line":69},"8":{"name":"(anonymous_8)","decl":{"start":{"line":71,"column":18},"end":{"line":71,"column":19}},"loc":{"start":{"line":71,"column":24},"end":{"line":75,"column":13}},"line":71},"9":{"name":"(anonymous_9)","decl":{"start":{"line":72,"column":33},"end":{"line":72,"column":34}},"loc":{"start":{"line":72,"column":43},"end":{"line":72,"column":83}},"line":72},"10":{"name":"(anonymous_10)","decl":{"start":{"line":72,"column":55},"end":{"line":72,"column":56}},"loc":{"start":{"line":72,"column":62},"end":{"line":72,"column":82}},"line":72},"11":{"name":"(anonymous_11)","decl":{"start":{"line":76,"column":19},"end":{"line":76,"column":20}},"loc":{"start":{"line":76,"column":25},"end":{"line":76,"column":82}},"line":76},"12":{"name":"(anonymous_12)","decl":{"start":{"line":100,"column":30},"end":{"line":100,"column":31}},"loc":{"start":{"line":100,"column":37},"end":{"line":100,"column":62}},"line":100},"13":{"name":"(anonymous_13)","decl":{"start":{"line":107,"column":30},"end":{"line"
[...]
":{},"end":{}}],"line":55},"6":{"loc":{"start":{"line":57,"column":12},"end":{"line":57,"column":54}},"type":"if","locations":[{"start":{"line":57,"column":12},"end":{"line":57,"column":54}},{"start":{},"end":{}}],"line":57},"7":{"loc":{"start":{"line":59,"column":8},"end":{"line":59,"column":63}},"type":"if","locations":[{"start":{"line":59,"column":8},"end":{"line":59,"column":63}},{"start":{},"end":{}}],"line":59},"8":{"loc":{"start":{"line":59,"column":12},"end":{"line":59,"column":35}},"type":"binary-expr","locations":[{"start":{"line":59,"column":12},"end":{"line":59,"column":27}},{"start":{"line":59,"column":31},"end":{"line":59,"column":35}}],"line":59},"9":{"loc":{"start":{"line":87,"column":86},"end":{"line":87,"column":123}},"type":"cond-expr","locations":[{"start":{"line":87,"column":115},"end":{"line":87,"column":118}},{"start":{"line":87,"column":121},"end":{"line":87,"column":123}}],"line":87},"10":{"loc":{"start":{"line":116,"column":13},"end":{"line":126,"column":13}},"type":"binary-expr","locations":[{"start":{"line":116,"column":13},"end":{"line":116,"column":28}},{"start":{"line":117,"column":16},"end":{"line":125,"column":22}}],"line":116},"11":{"loc":{"start":{"line":118,"column":44},"end":{"line":118,"column":84}},"type":"cond-expr","locations":[{"start":{"line":118,"column":63},"end":{"line":118,"column":76}},{"start":{"line":118,"column":79},"end":{"line":118,"column":84}}],"line":118},"12":{"loc":{"start":{"line":119,"column":50},"end":{"line":119,"column":93}},"type":"cond-expr","locations":[{"start":{"line":119,"column":72},"end":{"line":119,"column":85}},{"start":{"line":119,"column":88},"end":{"line":119,"column":93}}],"line":119},"13":{"loc":{"start":{"line":122,"column":49},"end":{"line":122,"column":91}},"type":"cond-expr","locations":[{"start":{"line":122,"column":70},"end":{"line":122,"column":83}},{"start":{"line":122,"column":86},"end":{"line":122,"column":91}}],"line":122},"14":{"loc":{"start":{"line":128,"column":13},"end":{"line":128,"column":34}},"type":"binary-expr","locations":[{"start":{"line":128,"column":13},"end":{"line":128,"column":20}},{"start":{"line":128,"column":24},"end":{"line":128,"column":34}}],"line":128},"15":{"loc":{"start":{"line":130,"column":13},"end":{"line":138,"column":13}},"type":"binary-expr","locations":[{"start":{"line":130,"column":13},"end":{"line":130,"column":21}},{"start":{"line":130,"column":25},"end":{"line":130,"column":46}},{"start":{"line":131,"column":16},"end":{"line":137,"column":18}}],"line":130},"16":{"loc":{"start":{"line":133,"column":27},"end":{"line":133,"column":88}},"type":"cond-expr","locations":[{"start":{"line":133,"column":45},"end":{"line":133,"column":63}},{"start":{"line":133,"column":66},"end":{"line":133,"column":88}}],"line":133},"17":{"loc":{"start":{"line":134,"column":33},"end":{"line":134,"column":107}},"type":"cond-expr","locations":[{"start":{"line":134,"column":51},"end":{"line":134,"column":89}},{"start":{"line":134,"column":92},"end":{"line":134,"column":107}}],"line":134},"18":{"loc":{"start":{"line":140,"column":13},"end":{"line":148,"column":13}},"type":"binary-expr","locations":[{"start":{"line":140,"column":13},"end":{"line":140,"column":21}},{"start":{"line":140,"column":25},"end":{"line":140,"column":44}},{"start":{"line":141,"column":16},"end":{"line":147,"column":26}}],"line":140}},"s":{"0":1,"1":1,"2":1,"3":25,"4":25,"5":10,"6":10,"7":10,"8":25,"9":25,"10":25,"11":25,"12":25,"13":25,"14":25,"15":25,"16":25,"17":13,"18":13,"19":13,"20":2,"21":13,"22":0,"23":0,"24":0,"25":13,"26":3,"27":13,"28":1,"29":12,"30":25,"31":13,"32":25,"33":0,"34":0,"35":0,"36":0,"37":0,"38":0,"39":0,"40":0,"41":25,"42":25,"43":0,"44":0,"45":175,"46":10,"47":0},"f":{"0":25,"1":10,"2":25,"3":13,"4":1,"5":12,"6":13,"7":0,"8":0,"9":0,"10":0,"11":0,"12":0,"13":0,"14":175,"15":10,"16":0},"b":{"0":[10,0,0,0],"1":[10,0],"2":[10,10],"3":[0],"4":[2,11],"5":[0,13],"6":[0,0],"7":[3,10],"8":[13,3],"9":[15,10],"10":[25,19],"11":[15,4],"12":[4,15],"13":[0,19],"14":[25,13],"15":[25,12,2],"16":[0,2],"17":[0,2],"18":[25,12,10]},"_coverageSchema":"1a1c01bbd47fc00a2c39e90264f33305004495a9","hash":"3fd5fcd67b63e29ec7539d96463cdb5b9c1f55ed"}
,"/Users/angelinabobrynok/Documents/uni/web/adboard-project-all 2/lab5/src/pages/LoginPage.jsx": {"path":"/Users/angelinabobrynok/Documents/uni/web/adboard-project-all 2/lab5/src/pages/LoginPage.jsx","statementMap":{"0":{"start":{"line":4,"column":4},"end":{"line":4,"column":25}}},"fnMap":{"0":{"name":"LoginPage","decl":{"start":{"line":3,"column":9},"end":{"line":3,"column":18}},"loc":{"start":{"line":3,"column":21},"end":{"line":5,"column":1}},"line":3}},"branchMap":{},"s":{"0":3},"f":{"0":3},"b":{},"_coverageSchema":"1a1c01bbd47fc00a2c39e90264f33305004495a9","hash":"52d17d4799acdc0a91341ebdd57185c58ee34589"}
,"/Users/angelinabobrynok/Documents/uni/web/adboard-project-all 2/lab5/src/pages/NotFoundPage.jsx": {"path":"/Users/angelinabobrynok/Documents/uni/web/adboard-project-all 2/lab5/src/pages/NotFoundPage.jsx","statementMap":{"0":{"start":{"line":4,"column":4},"end":{"line":12,"column":6}}},"fnMap":{"0":{"name":"NotFoundPage","decl":{"start":{"line":3,"column":9},"end":{"line":3,"column":21}},"loc":{"start":{"line":3,"column":24},"end":{"line":13,"column":1}},"line":3}},"branchMap":{},"s":{"0":3},"f":{"0":3},"b":{},"_coverageSchema":"1a1c01bbd47fc00a2c39e90264f33305004495a9","hash":"513d002756642e2e1807aca2ebd27285233c8514"}
,"/Users/angelinabobrynok/Documents/uni/web/adboard-project-all 2/lab5/src/pages/UsersListPage.jsx": {"path":"/Users/angelinabobrynok/Documents/uni/web/adboard-project-all 2/lab5/src/pages/UsersListPage.jsx","statementMap":{"0":{"start":{"line":11,"column":19},"end":{"line":11,"column":37}},"1":{"start":{"line":12,"column":30},"end":{"line":12,"column":42}},"2":{"start":{"line":13,"column":34},"end":{"line":13,"column":48}},"3":{"start":{"line":14,"column":32},"end":{"line":14,"column":44}},"4":{"start":{"line":15,"column":40},"end":{"line":15,"column":52}},"5":{"start":{"line":16,"column":36},"end":{"line":16,"column":50}},"6":{"start":{"line":18,"column":23},"end":{"line":24,"column":16}},"7":{"start":{"line":19,"column":8},"end":{"line":19,"column":25}},"8":{"start":{"line":20,"column":8},"end":{"line":23,"column":46}},"9":{"start":{"line":22,"column":25},"end":{"line":22,"column":62}},"10":{"start":{"line":23,"column":27},"end":{"line":23,"column":44}},"11":{"start":{"line":26,"column":4},"end":{"line":28,"column":21}},"12":{"start":{"line":27,"column":8},"end":{"line":27,"column":21}},"13":{"start":{"line":30,"column":32},"end":{"line":41,"column":5}},"14":{"start":{"line":31,"column":8},"end":{"line":40,"column":15}},"15":{"start":{"line":33,"column":16},"end":{"line":33,"column":77}},"16":{"start":{"line":33,"column":35},"end":{"line":33,"column":75}},"17":{"start":{"line":33,"column":54},"end":{"line":33,"column":74}},"18":{"start":{"line":34,"column":16},"end":{"line":34,"column":71}},"19":{"start":{"line":35,"column":16},"end":{"line":35,"column":34}},"20":{"start":{"line":38,"column":16},"end":{"line":38,"column":55}},"21":{"start":{"line":39,"column":16},"end":{"line":39,"column":34}},"22":{"start":{"line":43,"column":21},"end":{"line":48,"column":6}},"23":{"start":{"line":44,"column":30},"end":{"line":45,"column":75}},"24":{"start":{"line":46,"column":28},"end":{"line":46,"column":64}},"25":{"start":{"line":47,"column":8},"end":{"line":47,"column":44}},"26":{"start":{"line":50,"column":4},"end":{"line":135,"column":6}},"27":{"start":{"line":73,"column":37},"end":{"line":73,"column":62}},"28":{"start":{"line":80,"column":37},"end":{"line":80,"column":66}},"29":{"start":{"line":114,"column":32},"end":{"line":118,"column":34}},"30":{"start":{"line":131,"column":32},"end":{"line":131,"column":49}}},"fnMap":{"0":{"name":"UsersListPage","decl":{"start":{"line":10,"column":9},"end":{"line":10,"column":22}},"loc":{"start":{"line":10,"column":25},"end":{"line":136,"column":1}},"line":10},"1":{"name":"(anonymous_1)","decl":{"start":{"line":18,"column":35},"end":{"line":18,"column":36}},"loc":{"start":{"line":18,"column":41},"end":{"line":24,"column":5}},"line":18},"2":{"name":"(anonymous_2)","decl":{"start":{"line":22,"column":19},"end":{"line":22,"column":20}},"loc":{"start":{"line":22,"column":25},"end":{"line":22,"column":62}},"line":22},"3":{"name":"(anonymous_3)","decl":{"start":{"line":23,"column":21},"end":{"line":23,"column":22}},"loc":{"start":{"line":23,"column":27},"end":{"line":23,"column":44}},"line":23},"4":{"name":"(anonymous_4)","decl":{"start":{"line":26,"column":14},"end":{"line":26,"column":15}},"loc":{"start":{"line":26,"column":20},"end":{"line":28,"column":5}},"line":26},"5":{"name":"(anonymous_5)","decl":{"start":{"line":30,"column":32},"end":{"line":30,"column":33}},"loc":{"start":{"line":30,"column":38},"end":{"line":41,"column":5}},"line":30},"6":{"name":"(anonymous_6)","decl":{"start":{"line":32,"column":18},"end":{"line":32,"column":19}},"loc":{"start":{"line":32,"column":24},"end":{"line":36,"column":13}},"line":32},"7":{"name":"(anonymous_7)","decl":{"start":{"line":33,"column":25},"end":{"line":33,"column":26}},"loc":{"start":{"line":33,"column":35},"end":{"line":33,"column":75}},"line":33},"8":{"name":"(anonymous_8)","decl":{"start":{"line":33,"column":47},"end":{"line":33,"column":48}},"loc":{"start":{"line":33,"column":54},"end":{"line":33,"column":74}},"line":33},"9":{"name":"(anonymous_9)","decl":{"start":{"line":37,"column":19},"end":{"line":37,"column":20}},"loc":{"start":{"line":37,"column":25},"end":{"line":40,"column":13}},"line":37},"10":{"name":"(anonymous_10)","decl":{"start":{"line":43,"column":34},"end":{"line":43,"column":35}},"loc":{"start":{"line":43,"column":41},"end":{"line":48,"column":5}},"line":43},"11":{"name":"(anonymous_11)","decl":{"start":{"line":73,"column":30},"end":{"line":73,"column":31}},"loc":{"start":{"line":73,"column":37},"end":{"line":73,"column":62}},"line":73},"12":{"name":"(anonymous_12)","decl":{"start":{"line":80,"column":30},"end":{"line":80,"column":31}},"loc":{"start":{"line":80,"column":37},"end":{"line":80,"column":66}},"line":80},"13":{"name":"(anonymous_13)","decl":{"start":{"line":113,"column":42},"end":{"line":113,"column":43}},"loc":{"start":{"line":114,"column":32},"end":{"line":118,"column":34}},"line":114},"14":{"name":"(anonymous_14)","decl":{"start":{"line":131,"column":26},"end":{"line":131,"column":27}},"loc":{"start":{"line":131,"column":32},"end":{"line":131,"column":49}},"line":131}},"branchMap":{"0":{"loc":{"start":{"line":44,"column":30},"end":{"line":45,"column":75}},"type":"binary-expr","locations":[{"start":{"line":44,"column":30},"end":{"line":44,"column":85}},{"start":{"line":45,"column":15},"end":{"line":45,"column":75}}],"line":44},"1":{"loc":{"start":{"line":45,"column":16},"end":{"line":45,"column":29}},"type":"binary-expr","locations":[{"start":{"line":45,"column":16},"end":{"line":45,"column":23}},{"start":{"line":45,"column":27},"end":{"line":45,"column":29}}],"line":45},"2":{"loc":{"start":{"line":46,"column":28},"end":{"line":46,"column":64}},"type":"binary-expr","locations":[{"start":{"line":46,"column":28},"end":{"line":46,"column":39}},{"start":{"line":46,"column":43},"end":{"line":46,"column":64}}],"line":46},"3":{"loc":{"start":{"line":47,"column":15},"end":{"line":47,"column":43}},"type":"binary-expr","locations":[{"start":{"line":47,"column":15},"end":{"line":47,"column":28}},{"start":{"line":47,"column":32},"end":{"line":47,"column":43}}],"line":47},"4":{"loc":{"start":{"line":60,"column":59},"end":{"line":60,"column":88}},"type":"cond-expr","locations":[{"start":{"line":60,"column":80},"end":{"line":60,"column":83}},{"start":{"line":60,"column":86},"end":{"line":60,"column":88}}],"line":60},"5":{"loc":{"start":{"line":89,"column":13},"end":{"line":89,"column":34}},"type":"binary-expr","locations":[{"start":{"line":89,"column":13},"end":{"line":89,"column":20}},{"start":{"line":89,"column":24},"end":{"line":89,"column":34}}],"line":89},"6":{"loc":{"start":{"line":91,"column":13},"end":{"line":98,"column":13}},"type":"binary-expr","locations":[{"start":{"line":91,"column":13},"end":{"line":91,"column":21}},{"start":{"line":91,"column":25},"end":{"line":91,"column":46}},{"start":{"line":92,"column":16},"end":{"line":97,"column":18}}],"line":91},"7":{"loc":{"start":{"line":100,"column":13},"end":{"line":123,"column":13}},"type":"binary-expr","locations":[{"start":{"line":100,"column":13},"end":{"line":100,"column":21}},{"start":{"line":100,"column":25},"end":{"line":100,"column":44}},{"start":{"line":101,"column":16},"end":{"line":122,"column":22}}],"line":100}},"s":{"0":20,"1":20,"2":20,"3":20,"4":20,"5":20,"6":20,"7":10,"8":10,"9":1,"10":9,"11":20,"12":10,"13":20,"14":0,"15":0,"16":0,"17":0,"18":0,"19":0,"20":0,"21":0,"22":20,"23":16,"24":16,"25":16,"26":20,"27":1,"28":0,"29":15,"30":0},"f":{"0":20,"1":10,"2":1,"3":9,"4":10,"5":0,"6":0,"7":0,"8":0,"9":0,"10":16,"11":1,"12":0,"13":15,"14":0},"b":{"0":[16,1],"1":[1,0],"2":[16,0],"3":[16,15],"4":[20,0],"5":[20,10],"6":[20,10,2],"7":[20,10,8]},"_coverageSchema":"1a1c01bbd47fc00a2c39e90264f33305004495a9","hash":"2a8accb3321949ca511ab0ee1590529974e2b99e"}
,"/Users/angelinabobrynok/Documents/uni/web/adboard-project-all 2/lab5/src/utils/format.js": {"path":"/Users/angelinabobrynok/Documents/uni/web/adboard-project-all 2/lab5/src/utils/format.js","statementMap":{"0":{"start":{"line":1,"column":19},"end":{"line":8,"column":1}},"1":{"start":{"line":2,"column":17},"end":{"line":2,"column":30}},"2":{"start":{"line":3,"column":4},"end":{"line":7,"column":7}},"3":{"start":{"line":10,"column":23},"end":{"line":19,"column":1}},"4":{"start":{"line":11,"column":17},"end":{"line":11,"column":30}},"5":{"start":{"line":12,"column":4},"end":{"line":18,"column":7}},"6":{"start":{"line":21,"column":20},"end":{"line":21,"column":73}},"7":{"start":{"line":21,"column":39},"end":{"line":21,"column":73}}},"fnMap":{"0":{"name":"(anonymous_0)","decl":{"start":{"line":1,"column":19},"end":{"line":1,"column":20}},"loc":{"start":{"line":1,"column":28},"end":{"line":8,"column":1}},"line":1},"1":{"name":"(anonymous_1)","decl":{"start":{"line":10,"column":23},"end":{"line":10,"column":24}},"loc":{"start":{"line":10,"column":32},"end":{"line":19,"column":1}},"line":10},"2":{"name":"(anonymous_2)","decl":{"start":{"line":21,"column":20},"end":{"line":21,"column":21}},"loc":{"start":{"line":21,"column":39},"end":{"line":21,"column":73}},"line":21}},"branchMap":{"0":{"loc":{"start":{"line":21,"column":21},"end":{"line":21,"column":34}},"type":"default-arg","locations":[{"start":{"line":21,"column":32},"end":{"line":21,"column":34}}],"line":21}},"s":{"0":6,"1":45,"2":45,"3":6,"4":1,"5":1,"6":6,"7":38},"f":{"0":45,"1":1,"2":38},"b":{"0":[1]},"_coverageSchema":"1a1c01bbd47fc00a2c39e90264f33305004495a9","hash":"12c3b50476c96680acd1a68d18842c63594598a8"}
,"/Users/angelinabobrynok/Documents/uni/web/adboard-project-all 2/lab5/src/utils/validate.js": {"path":"/Users/angelinabobrynok/Documents/uni/web/adboard-project-all 2/lab5/src/utils/validate.js","statementMap":{"0":{"start":{"line":1,"column":17},"end":{"line":6,"column":1}},"1":{"start":{"line":2,"column":4},"end":{"line":4,"column":5}},"2":{"start":{"line":3,"column":8},"end":{"line":3,"column":40}},"3":{"start":{"line":5,"column":4},"end":{"line":5,"column":16}},"4":{"start":{"line":8,"column":18},"end":{"line":13,"column":1}},"5":{"start":{"line":8,"column":27},"end":{"line":13,"column":1}},"6":{"start":{"line":9,"column":4},"end":{"line":11,"column":5}},"7":{"start":{"line":10,"column":8},"end":{"line":10,"column":52}},"8":{"start":{"line":12,"column":4},"end":{"line":12,"column":16}},"9":{"start":{"line":15,"column":17},"end":{"line":20,"column":1}},"10":{"start":{"line":16,"column":4},"end":{"line":18,"column":5}},"11":{"start":{"line":17,"column":8},"end":{"line":17,"column":41}},"12":{"start":{"line":19,"column":4},"end":{"line":19,"column":16}},"13":{"start":{"line":22,"column":22},"end":{"line":27,"column":1}},"14":{"start":{"line":22,"column":33},"end":{"line":27,"column":1}},"15":{"start":{"line":23,"column":4},"end":{"line":25,"column":5}},"16":{"start":{"line":24,"column":8},"end":{"line":24,"column":40}},"17":{"start":{"line":26,"column":4},"end":{"line":26,"column":16}},"18":{"start":{"line":29,"column":17},"end":{"line":35,"column":1}},"19":{"start":{"line":30,"column":4},"end":{"line":33,"column":5}},"20":{"start":{"line":30,"column":17},"end":{"line":30,"column":18}},"21":{"start":{"line":31,"column":22},"end":{"line":31,"column":37}},"22":{"start":{"line":32,"column":8},"end":{"line":32,"column":32}},"23":{"start":{"line":32,"column":19},"end":{"line":32,"column":32}},"24":{"start":{"line":34,"column":4},"end":{"line":34,"column":16}},"25":{"start":{"line":37,"column":17},"end":{"line":43,"column":1}}},"fnMap":{"0":{"name":"(anonymous_0)","decl":{"start":{"line":1,"column":17},"end":{"line":1,"column":18}},"loc":{"start":{"line":1,"column":28},"end":{"line":6,"column":1}},"line":1},"1":{"name":"(anonymous_1)","decl":{"start":{"line":8,"column":18},"end":{"line":8,"column":19}},"loc":{"start":{"line":8,"column":27},"end":{"line":13,"column":1}},"line":8},"2":{"name":"(anonymous_2)","decl":{"start":{"line":8,"column":27},"end":{"line":8,"column":28}},"loc":{"start":{"line":8,"column":38},"end":{"line":13,"column":1}},"line":8},"3":{"name":"(anonymous_3)","decl":{"start":{"line":15,"column":17},"end":{"line":15,"column":18}},"loc":{"start":{"line":15,"column":28},"end":{"line":20,"column":1}},"line":15},"4":{"name":"(anonymous_4)","decl":{"start":{"line":22,"column":22},"end":{"line":22,"column":23}},"loc":{"start":{"line":22,"column":33},"end":{"line":27,"column":1}},"line":22},"5":{"name":"(anonymous_5)","decl":{"start":{"line":22,"column":33},"end":{"line":22,"column":34}},"loc":{"start":{"line":22,"column":44},"end":{"line":27,"column":1}},"line":22},"6":{"name":"(anonymous_6)","decl":{"start":{"line":29,"column":17},"end":{"line":29,"column":18}},"loc":{"start":{"line":29,"column":35},"end":{"line":35,"column":1}},"line":29}},"branchMap":{"0":{"loc":{"start":{"line":2,"column":4},"end":{"line":4,"column":5}},"type":"if","locations":[{"start":{"line":2,"column":4},"end":{"line":4,"column":5}},{"start":{},"end":{}}],"line":2},"1":{"loc":{"start":{"line":2,"column":8},"end":{"line":2,"column":45}},"type":"binary-expr","locations":[{"start":{"line":2,"column":8},"end":{"line":2,"column":14}},{"start":{"line":2,"column":18},"end":{"line":2,"column":45}}],"line":2},"2":{"loc":{"start":{"line":9,"column":4},"end":{"line":11,"column":5}},"type":"if","locations":[{"start":{"line":9,"column":4},"end":{"line":11,"column":5}},{"start":{},"end":{}}],"line":9},"3":{"loc":{"start":{"line":9,"column":8},"end":{"line":9,"column":51}},"type":"binary-expr","locations":[{"start":{"line":9,"column":8},"end":{"line":9,"column":14}},{"start":{"line":9,"column":18},"end":{"line":9,"column":51}}],"line":9},"4":{"loc":{"start":{"line":16,"column":4},"end":{"line":18,"column":5}},"type":"if","locations":[{"start":{"line":16,"column":4},"end":{"line":18,"column":5}},{"start":{},"end":{}}],"line":16},"5":{"loc":{"start":{"line":23,"column":4},"end":{"line":25,"column":5}},"type":"if","locations":[{"start":{"line":23,"column":4},"end":{"line":25,"column":5}},{"start":{},"end":{}}],"line":23},"6":{"loc":{"start":{"line":32,"column":8},"end":{"line":32,"column":32}},"type":"if","locations":[{"start":{"line":32,"column":8},"end":{"line":32,"column":32}},{"start":{},"end":{}}],"line":32}},"s":{"0":5,"1":43,"2":18,"3":25,"4":5,"5":17,"6":12,"7":5,"8":7,"9":5,"10":6,"11":2,"12":4,"13":5,"14":5,"15":5,"16":3,"17":2,"18":5,"19":43,"20":43,"21":53,"22":53,"23":20,"24":23,"25":5},"f":{"0":43,"1":17,"2":12,"3":6,"4":5,"5":5,"6":43},"b":{"0":[18,25],"1":[43,26],"2":[5,7],"3":[12,11],"4":[2,4],"5":[3,2],"6":[20,33]},"_coverageSchema":"1a1c01bbd47fc00a2c39e90264f33305004495a9","hash":"a3b56decf8ebdbaea1521da951109eb8d208d6be"}
}
