TN:
SF:src/api/announcementsApi.js
FN:3,(anonymous_0)
FN:5,(anonymous_1)
FN:15,(anonymous_2)
FN:17,(anonymous_3)
FN:19,(anonymous_4)
FN:24,(anonymous_5)
FN:26,(anonymous_6)
FNF:7
FNH:7
FNDA:4,(anonymous_0)
FNDA:5,(anonymous_1)
FNDA:4,(anonymous_2)
FNDA:1,(anonymous_3)
FNDA:1,(anonymous_4)
FNDA:1,(anonymous_5)
FNDA:1,(anonymous_6)
DA:3,2
DA:4,4
DA:5,4
DA:6,5
DA:7,4
DA:10,4
DA:11,4
DA:14,2
DA:15,4
DA:17,1
DA:19,1
DA:24,1
DA:26,1
LF:13
LH:13
BRDA:3,0,0,0
BRDA:6,1,0,4
BRDA:6,1,1,1
BRDA:6,2,0,5
BRDA:6,2,1,5
BRDA:11,3,0,3
BRDA:11,3,1,1
BRDA:15,4,0,1
BRF:8
BRH:7
end_of_record
TN:
SF:src/api/client.js
FN:3,(anonymous_0)
FN:14,(anonymous_1)
FN:16,(anonymous_2)
FN:28,(anonymous_3)
FN:29,(anonymous_4)
FN:30,(anonymous_5)
FN:31,(anonymous_6)
FNF:7
FNH:7
FNDA:7,(anonymous_0)
FNDA:7,(anonymous_1)
FNDA:1,(anonymous_2)
FNDA:3,(anonymous_3)
FNDA:1,(anonymous_4)
FNDA:1,(anonymous_5)
FNDA:2,(anonymous_6)
DA:1,11
DA:3,11
DA:4,7
DA:9,7
DA:10,2
DA:13,7
DA:15,7
DA:16,1
DA:17,1
DA:20,6
DA:21,2
DA:23,4
DA:27,11
DA:28,3
DA:29,1
DA:30,1
DA:31,2
LF:17
LH:17
BRDA:3,0,0,5
BRDA:9,1,0,2
BRDA:9,1,1,5
BRDA:15,2,0,1
BRDA:15,2,1,6
BRDA:17,3,0,1
BRDA:17,3,1,0
BRDA:20,4,0,2
BRDA:20,4,1,4
BRF:9
BRH:8
end_of_record
TN:
SF:src/api/usersApi.js
FN:3,(anonymous_0)
FN:5,(anonymous_1)
FN:15,(anonymous_2)
FN:17,(anonymous_3)
FN:19,(anonymous_4)
FN:24,(anonymous_5)
FN:26,(anonymous_6)
FN:28,(anonymous_7)
FN:30,(anonymous_8)
FNF:9
FNH:9
FNDA:2,(anonymous_0)
FNDA:1,(anonymous_1)
FNDA:2,(anonymous_2)
FNDA:1,(anonymous_3)
FNDA:1,(anonymous_4)
FNDA:1,(anonymous_5)
FNDA:1,(anonymous_6)
FNDA:3,(anonymous_7)
FNDA:3,(anonymous_8)
DA:3,8
DA:4,2
DA:5,2
DA:6,1
DA:7,1
DA:10,2
DA:11,2
DA:14,8
DA:15,2
DA:17,1
DA:19,1
DA:24,1
DA:26,1
DA:28,3
DA:31,3
DA:32,1
DA:34,2
DA:35,2
DA:36,1
DA:38,1
LF:20
LH:20
BRDA:3,0,0,0
BRDA:6,1,0,1
BRDA:6,1,1,0
BRDA:6,2,0,1
BRDA:6,2,1,1
BRDA:11,3,0,1
BRDA:11,3,1,1
BRDA:15,4,0,1
BRDA:31,5,0,1
BRDA:31,5,1,2
BRDA:31,6,0,3
BRDA:31,6,1,3
BRDA:35,7,0,1
BRDA:35,7,1,1
BRF:14
BRH:12
end_of_record
TN:
SF:src/components/announcements/AnnouncementCard.jsx
FN:14,AnnouncementCard
FN:41,(anonymous_1)
FN:49,(anonymous_2)
FNF:3
FNH:2
FNDA:22,AnnouncementCard
FNDA:0,(anonymous_1)
FNDA:1,(anonymous_2)
DA:5,2
DA:15,22
DA:16,22
DA:18,22
DA:19,22
DA:20,22
DA:21,22
DA:22,22
DA:24,22
DA:41,0
DA:49,1
LF:11
LH:10
BRDA:18,0,0,22
BRDA:18,0,1,14
BRDA:19,1,0,22
BRDA:19,1,1,10
BRDA:21,2,0,20
BRDA:21,2,1,2
BRDA:22,3,0,22
BRDA:22,3,1,0
BRDA:28,4,0,20
BRDA:28,4,1,2
BRDA:35,5,0,22
BRDA:35,5,1,13
BRF:12
BRH:11
end_of_record
TN:
SF:src/components/announcements/AnnouncementForm.jsx
FN:20,(anonymous_0)
FN:28,(anonymous_1)
FN:35,AnnouncementForm
FN:36,(anonymous_3)
FN:41,(anonymous_4)
FN:41,(anonymous_5)
FN:41,(anonymous_6)
FN:43,(anonymous_7)
FN:65,(anonymous_8)
FN:117,(anonymous_9)
FN:131,(anonymous_10)
FN:152,(anonymous_11)
FNF:12
FNH:11
FNDA:10,(anonymous_0)
FNDA:10,(anonymous_1)
FNDA:18,AnnouncementForm
FNDA:10,(anonymous_3)
FNDA:90,(anonymous_4)
FNDA:5,(anonymous_5)
FNDA:5,(anonymous_6)
FNDA:3,(anonymous_7)
FNDA:3,(anonymous_8)
FNDA:36,(anonymous_9)
FNDA:108,(anonymous_10)
FNDA:0,(anonymous_11)
DA:6,1
DA:15,1
DA:20,10
DA:28,10
DA:36,18
DA:37,18
DA:38,18
DA:39,18
DA:41,90
DA:43,18
DA:44,3
DA:48,3
DA:52,3
DA:53,3
DA:55,3
DA:61,3
DA:62,3
DA:65,18
DA:66,3
DA:67,3
DA:68,1
DA:77,18
DA:79,18
DA:118,36
DA:132,108
DA:152,0
LF:26
LH:25
BRDA:21,0,0,10
BRDA:21,0,1,8
BRDA:22,1,0,10
BRDA:22,1,1,8
BRDA:23,2,0,10
BRDA:23,2,1,8
BRDA:24,3,0,10
BRDA:24,3,1,8
BRDA:25,4,0,10
BRDA:25,4,1,10
BRDA:35,5,0,16
BRDA:56,6,0,3
BRDA:56,6,1,1
BRDA:57,7,0,3
BRDA:57,7,1,1
BRDA:58,8,0,3
BRDA:58,8,1,1
BRDA:59,9,0,3
BRDA:59,9,1,1
BRDA:67,10,0,2
BRDA:67,10,1,1
BRDA:77,11,0,2
BRDA:77,11,1,16
BRDA:83,12,0,2
BRDA:83,12,1,16
BRDA:95,13,0,2
BRDA:95,13,1,16
BRDA:111,14,0,2
BRDA:111,14,1,16
BRDA:125,15,0,2
BRDA:125,15,1,16
BRDA:157,16,0,1
BRDA:157,16,1,17
BRDA:157,17,0,2
BRDA:157,17,1,15
BRF:35
BRH:35
end_of_record
TN:
SF:src/components/auth/LoginForm.jsx
FN:10,LoginForm
FN:22,(anonymous_1)
FN:29,(anonymous_2)
FN:35,(anonymous_3)
FN:36,(anonymous_4)
FN:60,(anonymous_5)
FN:72,(anonymous_6)
FNF:7
FNH:7
FNDA:27,LoginForm
FNDA:6,(anonymous_1)
FNDA:6,(anonymous_2)
FNDA:1,(anonymous_3)
FNDA:1,(anonymous_4)
FNDA:4,(anonymous_5)
FNDA:3,(anonymous_6)
DA:8,2
DA:11,27
DA:12,27
DA:13,27
DA:14,27
DA:16,27
DA:17,27
DA:18,27
DA:19,27
DA:20,27
DA:22,27
DA:23,6
DA:24,6
DA:25,6
DA:26,6
DA:29,27
DA:30,6
DA:31,6
DA:33,3
DA:34,3
DA:35,1
DA:37,1
DA:38,1
DA:42,27
DA:60,4
DA:72,3
LF:26
LH:26
BRDA:20,0,0,27
BRDA:20,0,1,27
BRDA:25,1,0,6
BRDA:25,1,1,4
BRDA:25,2,0,6
BRDA:25,2,1,3
BRDA:26,3,0,6
BRDA:26,3,1,4
BRDA:31,4,0,3
BRDA:31,4,1,3
BRDA:37,5,0,1
BRDA:37,5,1,0
BRDA:56,6,0,2
BRDA:56,6,1,25
BRDA:68,7,0,3
BRDA:68,7,1,24
BRDA:84,8,0,3
BRDA:84,8,1,24
BRF:18
BRH:17
end_of_record
TN:
SF:src/components/common/Alert.jsx
FN:7,Alert
FN:22,(anonymous_1)
FNF:2
FNH:2
FNDA:12,Alert
FNDA:2,(anonymous_1)
DA:1,2
DA:8,12
DA:10,12
DA:22,2
LF:4
LH:4
BRDA:13,0,0,12
BRDA:13,0,1,0
BRF:2
BRH:1
end_of_record
TN:
SF:src/components/common/ConfirmDialog.jsx
FN:1,ConfirmDialog
FNF:1
FNH:1
FNDA:55,ConfirmDialog
DA:11,55
DA:13,9
LF:2
LH:2
BRDA:5,0,0,9
BRDA:6,1,0,54
BRDA:9,2,0,8
BRDA:11,3,0,46
BRDA:11,3,1,9
BRDA:32,4,0,1
BRDA:32,4,1,8
BRF:7
BRH:7
end_of_record
TN:
SF:src/components/common/EmptyState.jsx
FN:3,EmptyState
FNF:1
FNH:1
FNDA:14,EmptyState
DA:10,14
LF:1
LH:1
BRDA:4,0,0,6
BRDA:5,1,0,0
BRDA:6,2,0,8
BRDA:7,3,0,6
BRDA:8,4,0,6
BRDA:14,5,0,14
BRDA:14,5,1,6
BRDA:17,6,0,14
BRDA:17,6,1,8
BRDA:17,6,2,8
BRF:10
BRH:9
end_of_record
TN:
SF:src/components/common/FormField.jsx
FN:1,FormField
FNF:1
FNH:1
FNDA:295,FormField
DA:8,295
LF:1
LH:1
BRDA:14,0,0,295
BRDA:14,0,1,20
BRDA:19,1,0,295
BRDA:19,1,1,68
BRDA:19,1,2,63
BRF:5
BRH:5
end_of_record
TN:
SF:src/components/common/Loader.jsx
FN:1,Loader
FNF:1
FNH:1
FNDA:27,Loader
DA:2,27
LF:1
LH:1
BRF:0
BRH:0
end_of_record
TN:
SF:src/components/common/NotificationContainer.jsx
FN:4,NotificationContainer
FN:9,(anonymous_1)
FNF:2
FNH:2
FNDA:10,NotificationContainer
FNDA:4,(anonymous_1)
DA:5,10
DA:7,10
DA:10,4
LF:3
LH:3
BRF:0
BRH:0
end_of_record
TN:
SF:src/components/layout/Header.jsx
FN:5,Header
FN:9,(anonymous_1)
FNF:2
FNH:2
FNDA:15,Header
FNDA:1,(anonymous_1)
DA:6,15
DA:7,15
DA:9,15
DA:10,1
DA:11,1
DA:14,15
LF:6
LH:6
BRDA:22,0,0,8
BRDA:22,0,1,7
BRDA:27,1,0,8
BRDA:27,1,1,0
BRDA:34,2,0,8
BRDA:34,2,1,2
BRF:6
BRH:5
end_of_record
TN:
SF:src/components/layout/RequireAdmin.jsx
FN:4,RequireAdmin
FNF:1
FNH:1
FNDA:3,RequireAdmin
DA:5,3
DA:7,3
DA:8,1
DA:11,2
DA:12,1
DA:15,1
LF:6
LH:6
BRDA:7,0,0,1
BRDA:7,0,1,2
BRDA:11,1,0,1
BRDA:11,1,1,1
BRF:4
BRH:4
end_of_record
TN:
SF:src/components/layout/RequireAuth.jsx
FN:4,RequireAuth
FNF:1
FNH:1
FNDA:2,RequireAuth
DA:5,2
DA:6,2
DA:8,2
DA:9,1
DA:12,1
LF:5
LH:5
BRDA:8,0,0,1
BRDA:8,0,1,1
BRF:2
BRH:2
end_of_record
TN:
SF:src/components/users/UserAvatar.jsx
FN:3,UserAvatar
FNF:1
FNH:1
FNDA:25,UserAvatar
DA:4,25
LF:1
LH:1
BRDA:3,0,0,24
BRF:1
BRH:1
end_of_record
TN:
SF:src/components/users/UserForm.jsx
FN:11,(anonymous_0)
FN:20,(anonymous_1)
FN:28,UserForm
FN:29,(anonymous_3)
FN:34,(anonymous_4)
FN:34,(anonymous_5)
FN:34,(anonymous_6)
FN:36,(anonymous_7)
FN:61,(anonymous_8)
FN:134,(anonymous_9)
FN:170,(anonymous_10)
FNF:11
FNH:10
FNDA:9,(anonymous_0)
FNDA:9,(anonymous_1)
FNDA:24,UserForm
FNDA:9,(anonymous_3)
FNDA:144,(anonymous_4)
FNDA:11,(anonymous_5)
FNDA:11,(anonymous_6)
FNDA:4,(anonymous_7)
FNDA:4,(anonymous_8)
FNDA:48,(anonymous_9)
FNDA:0,(anonymous_10)
DA:6,1
DA:11,9
DA:20,9
DA:29,24
DA:30,24
DA:31,24
DA:32,24
DA:34,144
DA:36,24
DA:37,4
DA:41,4
DA:44,4
DA:45,4
DA:48,4
DA:50,4
DA:57,4
DA:58,4
DA:61,24
DA:62,4
DA:63,4
DA:65,1
DA:72,1
DA:73,1
DA:74,0
DA:75,0
DA:78,1
DA:81,24
DA:83,24
DA:135,48
DA:170,0
LF:30
LH:27
BRDA:12,0,0,9
BRDA:12,0,1,7
BRDA:15,1,0,9
BRDA:15,1,1,7
BRDA:16,2,0,9
BRDA:16,2,1,7
BRDA:17,3,0,9
BRDA:17,3,1,7
BRDA:28,4,0,22
BRDA:41,5,0,0
BRDA:41,5,1,4
BRDA:42,6,0,0
BRDA:42,6,1,0
BRDA:45,7,0,3
BRDA:45,7,1,1
BRDA:51,8,0,4
BRDA:51,8,1,3
BRDA:52,9,0,4
BRDA:52,9,1,2
BRDA:53,10,0,4
BRDA:53,10,1,2
BRDA:54,11,0,4
BRDA:54,11,1,4
BRDA:63,12,0,3
BRDA:63,12,1,1
BRDA:72,13,0,1
BRDA:72,13,1,0
BRDA:74,14,0,0
BRDA:74,14,1,0
BRDA:74,15,0,0
BRDA:74,15,1,0
BRDA:81,16,0,2
BRDA:81,16,1,22
BRDA:87,17,0,1
BRDA:87,17,1,23
BRDA:99,18,0,2
BRDA:99,18,1,22
BRDA:104,19,0,2
BRDA:104,19,1,22
BRDA:109,20,0,2
BRDA:109,20,1,22
BRDA:116,21,0,2
BRDA:116,21,1,22
BRDA:128,22,0,0
BRDA:128,22,1,24
BRDA:175,23,0,1
BRDA:175,23,1,23
BRDA:175,24,0,2
BRDA:175,24,1,21
BRF:49
BRH:40
end_of_record
TN:
SF:src/components/users/UserRoleBadge.jsx
FN:1,UserRoleBadge
FNF:1
FNH:1
FNDA:25,UserRoleBadge
DA:2,25
DA:3,10
DA:5,15
LF:3
LH:3
BRDA:2,0,0,10
BRDA:2,0,1,15
BRF:2
BRH:2
end_of_record
TN:
SF:src/components/users/UserTableRow.jsx
FN:6,UserTableRow
FN:33,(anonymous_1)
FN:41,(anonymous_2)
FN:49,(anonymous_3)
FNF:4
FNH:2
FNDA:21,UserTableRow
FNDA:0,(anonymous_1)
FNDA:0,(anonymous_2)
FNDA:1,(anonymous_3)
DA:7,21
DA:9,21
DA:33,0
DA:41,0
DA:49,1
LF:5
LH:3
BRDA:16,0,0,21
BRDA:16,0,1,0
BRDA:21,1,0,21
BRDA:21,1,1,0
BRF:4
BRH:2
end_of_record
TN:
SF:src/hooks/useAuth.jsx
FN:12,(anonymous_0)
FN:23,AuthProvider
FN:26,(anonymous_2)
FN:28,(anonymous_3)
FN:34,(anonymous_4)
FN:41,(anonymous_5)
FN:55,(anonymous_6)
FNF:7
FNH:7
FNDA:8,(anonymous_0)
FNDA:12,AuthProvider
FNDA:4,(anonymous_2)
FNDA:3,(anonymous_3)
FNDA:1,(anonymous_4)
FNDA:12,(anonymous_5)
FNDA:12,(anonymous_6)
DA:10,7
DA:12,7
DA:13,8
DA:14,8
DA:15,8
DA:17,1
DA:21,7
DA:24,12
DA:26,12
DA:29,3
DA:30,3
DA:31,3
DA:34,12
DA:35,1
DA:36,1
DA:39,12
DA:41,12
DA:48,12
DA:55,12
LF:19
LH:19
BRDA:15,0,0,2
BRDA:15,0,1,6
BRF:2
BRH:2
end_of_record
TN:
SF:src/hooks/useDebounce.js
FN:3,(anonymous_0)
FN:6,(anonymous_1)
FN:7,(anonymous_2)
FN:8,(anonymous_3)
FNF:4
FNH:4
FNDA:38,(anonymous_0)
FNDA:23,(anonymous_1)
FNDA:3,(anonymous_2)
FNDA:23,(anonymous_3)
DA:3,2
DA:4,38
DA:6,38
DA:7,23
DA:8,23
DA:11,38
LF:6
LH:6
BRDA:3,0,0,3
BRF:1
BRH:1
end_of_record
TN:
SF:src/hooks/useFetch.js
FN:3,(anonymous_0)
FN:8,(anonymous_1)
FN:13,(anonymous_2)
FN:14,(anonymous_3)
FN:17,(anonymous_4)
FNF:5
FNH:5
FNDA:12,(anonymous_0)
FNDA:7,(anonymous_1)
FNDA:2,(anonymous_2)
FNDA:6,(anonymous_3)
FNDA:6,(anonymous_4)
DA:3,1
DA:4,12
DA:5,12
DA:6,12
DA:8,12
DA:9,7
DA:10,7
DA:11,7
DA:13,2
DA:14,6
DA:17,12
DA:18,6
DA:21,12
LF:13
LH:13
BRDA:3,0,0,12
BRDA:13,1,0,2
BRDA:13,1,1,1
BRF:3
BRH:3
end_of_record
TN:
SF:src/hooks/useNotify.js
FN:9,(anonymous_0)
FN:13,(anonymous_1)
FN:14,(anonymous_2)
FN:14,(anonymous_3)
FN:19,(anonymous_4)
FN:22,(anonymous_5)
FN:23,(anonymous_6)
FN:26,(anonymous_7)
FN:27,(anonymous_8)
FN:28,(anonymous_9)
FNF:10
FNH:10
FNDA:23,(anonymous_0)
FNDA:2,(anonymous_1)
FNDA:2,(anonymous_2)
FNDA:2,(anonymous_3)
FNDA:10,(anonymous_4)
FNDA:10,(anonymous_5)
FNDA:1,(anonymous_6)
FNDA:7,(anonymous_7)
FNDA:2,(anonymous_8)
FNDA:1,(anonymous_9)
DA:7,5
DA:9,5
DA:10,23
DA:11,23
DA:13,23
DA:14,2
DA:15,2
DA:16,2
DA:19,23
DA:20,10
DA:21,10
DA:22,10
DA:23,10
DA:26,23
DA:27,23
DA:28,23
DA:30,23
LF:17
LH:17
BRDA:19,0,0,0
BRF:1
BRH:0
end_of_record
TN:
SF:src/hooks/useNotifyContext.jsx
FN:10,NotifyProvider
FN:13,(anonymous_1)
FN:22,(anonymous_2)
FNF:3
FNH:3
FNDA:6,NotifyProvider
FNDA:6,(anonymous_1)
FNDA:5,(anonymous_2)
DA:8,4
DA:11,6
DA:13,6
DA:15,6
DA:22,5
LF:5
LH:5
BRF:0
BRH:0
end_of_record
TN:
SF:src/pages/AnnouncementsPage.jsx
FN:29,(anonymous_0)
FN:31,(anonymous_1)
FN:41,AnnouncementsPage
FN:51,(anonymous_3)
FN:63,(anonymous_4)
FN:64,(anonymous_5)
FN:67,(anonymous_6)
FN:69,(anonymous_7)
FN:71,(anonymous_8)
FN:72,(anonymous_9)
FN:72,(anonymous_10)
FN:76,(anonymous_11)
FN:100,(anonymous_12)
FN:107,(anonymous_13)
FN:110,(anonymous_14)
FN:143,(anonymous_15)
FN:156,(anonymous_16)
FNF:17
FNH:9
FNDA:25,(anonymous_0)
FNDA:10,(anonymous_1)
FNDA:25,AnnouncementsPage
FNDA:13,(anonymous_3)
FNDA:1,(anonymous_4)
FNDA:12,(anonymous_5)
FNDA:13,(anonymous_6)
FNDA:0,(anonymous_7)
FNDA:0,(anonymous_8)
FNDA:0,(anonymous_9)
FNDA:0,(anonymous_10)
FNDA:0,(anonymous_11)
FNDA:0,(anonymous_12)
FNDA:0,(anonymous_13)
FNDA:175,(anonymous_14)
FNDA:10,(anonymous_15)
FNDA:0,(anonymous_16)
DA:12,1
DA:19,1
DA:29,1
DA:30,25
DA:31,25
DA:32,10
DA:36,10
DA:37,10
DA:42,25
DA:43,25
DA:44,25
DA:45,25
DA:46,25
DA:47,25
DA:48,25
DA:49,25
DA:51,25
DA:52,13
DA:53,13
DA:54,13
DA:55,13
DA:56,0
DA:57,0
DA:59,13
DA:61,13
DA:63,1
DA:64,12
DA:67,25
DA:69,25
DA:70,0
DA:72,0
DA:73,0
DA:74,0
DA:76,0
DA:79,25
DA:81,25
DA:100,0
DA:107,0
DA:111,175
DA:144,10
DA:156,0
LF:41
LH:31
BRDA:32,0,0,10
BRDA:32,0,1,0
BRDA:32,0,2,0
BRDA:32,0,3,0
BRDA:36,1,0,10
BRDA:36,1,1,0
BRDA:37,2,0,10
BRDA:37,2,1,10
BRDA:41,3,0,0
BRDA:54,4,0,2
BRDA:54,4,1,11
BRDA:55,5,0,0
BRDA:55,5,1,13
BRDA:57,6,0,0
BRDA:57,6,1,0
BRDA:59,7,0,3
BRDA:59,7,1,10
BRDA:59,8,0,13
BRDA:59,8,1,3
BRDA:87,9,0,15
BRDA:87,9,1,10
BRDA:116,10,0,25
BRDA:116,10,1,19
BRDA:118,11,0,15
BRDA:118,11,1,4
BRDA:119,12,0,4
BRDA:119,12,1,15
BRDA:122,13,0,0
BRDA:122,13,1,19
BRDA:128,14,0,25
BRDA:128,14,1,13
BRDA:130,15,0,25
BRDA:130,15,1,12
BRDA:130,15,2,2
BRDA:133,16,0,0
BRDA:133,16,1,2
BRDA:134,17,0,0
BRDA:134,17,1,2
BRDA:140,18,0,25
BRDA:140,18,1,12
BRDA:140,18,2,10
BRF:41
BRH:30
end_of_record
TN:
SF:src/pages/LoginPage.jsx
FN:3,LoginPage
FNF:1
FNH:1
FNDA:3,LoginPage
DA:4,3
LF:1
LH:1
BRF:0
BRH:0
end_of_record
TN:
SF:src/pages/NotFoundPage.jsx
FN:3,NotFoundPage
FNF:1
FNH:1
FNDA:3,NotFoundPage
DA:4,3
LF:1
LH:1
BRF:0
BRH:0
end_of_record
TN:
SF:src/pages/UsersListPage.jsx
FN:10,UsersListPage
FN:18,(anonymous_1)
FN:22,(anonymous_2)
FN:23,(anonymous_3)
FN:26,(anonymous_4)
FN:30,(anonymous_5)
FN:32,(anonymous_6)
FN:33,(anonymous_7)
FN:33,(anonymous_8)
FN:37,(anonymous_9)
FN:43,(anonymous_10)
FN:73,(anonymous_11)
FN:80,(anonymous_12)
FN:113,(anonymous_13)
FN:131,(anonymous_14)
FNF:15
FNH:8
FNDA:20,UsersListPage
FNDA:10,(anonymous_1)
FNDA:1,(anonymous_2)
FNDA:9,(anonymous_3)
FNDA:10,(anonymous_4)
FNDA:0,(anonymous_5)
FNDA:0,(anonymous_6)
FNDA:0,(anonymous_7)
FNDA:0,(anonymous_8)
FNDA:0,(anonymous_9)
FNDA:16,(anonymous_10)
FNDA:1,(anonymous_11)
FNDA:0,(anonymous_12)
FNDA:15,(anonymous_13)
FNDA:0,(anonymous_14)
DA:11,20
DA:12,20
DA:13,20
DA:14,20
DA:15,20
DA:16,20
DA:18,20
DA:19,10
DA:20,10
DA:22,1
DA:23,9
DA:26,20
DA:27,10
DA:30,20
DA:31,0
DA:33,0
DA:34,0
DA:35,0
DA:38,0
DA:39,0
DA:43,20
DA:44,16
DA:46,16
DA:47,16
DA:50,20
DA:73,1
DA:80,0
DA:114,15
DA:131,0
LF:29
LH:21
BRDA:44,0,0,16
BRDA:44,0,1,1
BRDA:45,1,0,1
BRDA:45,1,1,0
BRDA:46,2,0,16
BRDA:46,2,1,0
BRDA:47,3,0,16
BRDA:47,3,1,15
BRDA:60,4,0,20
BRDA:60,4,1,0
BRDA:89,5,0,20
BRDA:89,5,1,10
BRDA:91,6,0,20
BRDA:91,6,1,10
BRDA:91,6,2,2
BRDA:100,7,0,20
BRDA:100,7,1,10
BRDA:100,7,2,8
BRF:18
BRH:15
end_of_record
TN:
SF:src/utils/format.js
FN:1,(anonymous_0)
FN:10,(anonymous_1)
FN:21,(anonymous_2)
FNF:3
FNH:3
FNDA:45,(anonymous_0)
FNDA:1,(anonymous_1)
FNDA:38,(anonymous_2)
DA:1,6
DA:2,45
DA:3,45
DA:10,6
DA:11,1
DA:12,1
DA:21,38
LF:7
LH:7
BRDA:21,0,0,1
BRF:1
BRH:1
end_of_record
TN:
SF:src/utils/validate.js
FN:1,(anonymous_0)
FN:8,(anonymous_1)
FN:8,(anonymous_2)
FN:15,(anonymous_3)
FN:22,(anonymous_4)
FN:22,(anonymous_5)
FN:29,(anonymous_6)
FNF:7
FNH:7
FNDA:43,(anonymous_0)
FNDA:17,(anonymous_1)
FNDA:12,(anonymous_2)
FNDA:6,(anonymous_3)
FNDA:5,(anonymous_4)
FNDA:5,(anonymous_5)
FNDA:43,(anonymous_6)
DA:1,5
DA:2,43
DA:3,18
DA:5,25
DA:8,17
DA:9,12
DA:10,5
DA:12,7
DA:15,5
DA:16,6
DA:17,2
DA:19,4
DA:22,5
DA:23,5
DA:24,3
DA:26,2
DA:29,5
DA:30,43
DA:31,53
DA:32,53
DA:34,23
DA:37,5
LF:22
LH:22
BRDA:2,0,0,18
BRDA:2,0,1,25
BRDA:2,1,0,43
BRDA:2,1,1,26
BRDA:9,2,0,5
BRDA:9,2,1,7
BRDA:9,3,0,12
BRDA:9,3,1,11
BRDA:16,4,0,2
BRDA:16,4,1,4
BRDA:23,5,0,3
BRDA:23,5,1,2
BRDA:32,6,0,20
BRDA:32,6,1,33
BRF:14
BRH:14
end_of_record
